Using Spark's default log4j profile: org/apache/spark/log4j-defaults.properties
17/10/24 16:57:40 INFO SparkContext: Running Spark version 1.5.2
17/10/24 16:57:40 WARN NativeCodeLoader: Unable to load native-hadoop library for your platform... using builtin-java classes where applicable
17/10/24 16:57:41 INFO SecurityManager: Changing view acls to: pchannal
17/10/24 16:57:41 INFO SecurityManager: Changing modify acls to: pchannal
17/10/24 16:57:41 INFO SecurityManager: SecurityManager: authentication disabled; ui acls disabled; users with view permissions: Set(pchannal); users with modify permissions: Set(pchannal)
17/10/24 16:57:41 INFO Slf4jLogger: Slf4jLogger started
17/10/24 16:57:41 INFO Remoting: Starting remoting
17/10/24 16:57:41 INFO Remoting: Remoting started; listening on addresses :[akka.tcp://sparkDriver@198.202.112.149:39412]
17/10/24 16:57:41 INFO Utils: Successfully started service 'sparkDriver' on port 39412.
17/10/24 16:57:41 INFO SparkEnv: Registering MapOutputTracker
17/10/24 16:57:41 INFO SparkEnv: Registering BlockManagerMaster
17/10/24 16:57:41 INFO DiskBlockManager: Created local directory at /tmp/blockmgr-7493d923-06f6-43cf-b430-f93e4263217b
17/10/24 16:57:41 INFO MemoryStore: MemoryStore started with capacity 530.0 MB
17/10/24 16:57:41 INFO HttpFileServer: HTTP File server directory is /tmp/spark-367c5f81-1e78-47bf-a6de-d81b6ff44522/httpd-64eb6799-3eb8-486c-bbf6-97b6ee99fa6f
17/10/24 16:57:41 INFO HttpServer: Starting HTTP Server
17/10/24 16:57:41 INFO Utils: Successfully started service 'HTTP file server' on port 43682.
17/10/24 16:57:41 INFO SparkEnv: Registering OutputCommitCoordinator
17/10/24 16:57:42 INFO Utils: Successfully started service 'SparkUI' on port 4040.
17/10/24 16:57:42 INFO SparkUI: Started SparkUI at http://198.202.112.149:4040
17/10/24 16:57:42 INFO SparkContext: Added JAR file:/home/pchannal/project3/multiply.jar at http://198.202.112.149:43682/jars/multiply.jar with timestamp 1508889462256
17/10/24 16:57:42 WARN MetricsSystem: Using default name DAGScheduler for source because spark.app.id is not set.
17/10/24 16:57:42 INFO Executor: Starting executor ID driver on host localhost
17/10/24 16:57:42 INFO Utils: Successfully started service 'org.apache.spark.network.netty.NettyBlockTransferService' on port 43062.
17/10/24 16:57:42 INFO NettyBlockTransferService: Server created on 43062
17/10/24 16:57:42 INFO BlockManagerMaster: Trying to register BlockManager
17/10/24 16:57:42 INFO BlockManagerMasterEndpoint: Registering block manager localhost:43062 with 530.0 MB RAM, BlockManagerId(driver, localhost, 43062)
17/10/24 16:57:42 INFO BlockManagerMaster: Registered BlockManager
17/10/24 16:57:44 INFO MemoryStore: ensureFreeSpace(120040) called with curMem=0, maxMem=555755765
17/10/24 16:57:44 INFO MemoryStore: Block broadcast_0 stored as values in memory (estimated size 117.2 KB, free 529.9 MB)
17/10/24 16:57:44 INFO MemoryStore: ensureFreeSpace(12673) called with curMem=120040, maxMem=555755765
17/10/24 16:57:44 INFO MemoryStore: Block broadcast_0_piece0 stored as bytes in memory (estimated size 12.4 KB, free 529.9 MB)
17/10/24 16:57:44 INFO BlockManagerInfo: Added broadcast_0_piece0 in memory on localhost:43062 (size: 12.4 KB, free: 530.0 MB)
17/10/24 16:57:44 INFO SparkContext: Created broadcast 0 from textFile at Multiply.scala:22
17/10/24 16:57:44 INFO MemoryStore: ensureFreeSpace(120080) called with curMem=132713, maxMem=555755765
17/10/24 16:57:44 INFO MemoryStore: Block broadcast_1 stored as values in memory (estimated size 117.3 KB, free 529.8 MB)
17/10/24 16:57:44 INFO MemoryStore: ensureFreeSpace(12673) called with curMem=252793, maxMem=555755765
17/10/24 16:57:44 INFO MemoryStore: Block broadcast_1_piece0 stored as bytes in memory (estimated size 12.4 KB, free 529.8 MB)
17/10/24 16:57:44 INFO BlockManagerInfo: Added broadcast_1_piece0 in memory on localhost:43062 (size: 12.4 KB, free: 530.0 MB)
17/10/24 16:57:44 INFO SparkContext: Created broadcast 1 from textFile at Multiply.scala:24
17/10/24 16:57:44 INFO FileInputFormat: Total input paths to process : 1
17/10/24 16:57:44 INFO FileInputFormat: Total input paths to process : 1
17/10/24 16:57:44 INFO SparkContext: Starting job: collect at Multiply.scala:41
17/10/24 16:57:44 INFO DAGScheduler: Registering RDD 7 (map at Multiply.scala:28)
17/10/24 16:57:44 INFO DAGScheduler: Registering RDD 6 (map at Multiply.scala:27)
17/10/24 16:57:44 INFO DAGScheduler: Registering RDD 11 (map at Multiply.scala:32)
17/10/24 16:57:44 INFO DAGScheduler: Got job 0 (collect at Multiply.scala:41) with 2 output partitions
17/10/24 16:57:44 INFO DAGScheduler: Final stage: ResultStage 3(collect at Multiply.scala:41)
17/10/24 16:57:44 INFO DAGScheduler: Parents of final stage: List(ShuffleMapStage 2)
17/10/24 16:57:44 INFO DAGScheduler: Missing parents: List(ShuffleMapStage 2)
17/10/24 16:57:44 INFO DAGScheduler: Submitting ShuffleMapStage 0 (MapPartitionsRDD[7] at map at Multiply.scala:28), which has no missing parents
17/10/24 16:57:45 INFO MemoryStore: ensureFreeSpace(3736) called with curMem=265466, maxMem=555755765
17/10/24 16:57:45 INFO MemoryStore: Block broadcast_2 stored as values in memory (estimated size 3.6 KB, free 529.8 MB)
17/10/24 16:57:45 INFO MemoryStore: ensureFreeSpace(2168) called with curMem=269202, maxMem=555755765
17/10/24 16:57:45 INFO MemoryStore: Block broadcast_2_piece0 stored as bytes in memory (estimated size 2.1 KB, free 529.8 MB)
17/10/24 16:57:45 INFO BlockManagerInfo: Added broadcast_2_piece0 in memory on localhost:43062 (size: 2.1 KB, free: 530.0 MB)
17/10/24 16:57:45 INFO SparkContext: Created broadcast 2 from broadcast at DAGScheduler.scala:861
17/10/24 16:57:45 INFO DAGScheduler: Submitting 2 missing tasks from ShuffleMapStage 0 (MapPartitionsRDD[7] at map at Multiply.scala:28)
17/10/24 16:57:45 INFO TaskSchedulerImpl: Adding task set 0.0 with 2 tasks
17/10/24 16:57:45 INFO DAGScheduler: Submitting ShuffleMapStage 1 (MapPartitionsRDD[6] at map at Multiply.scala:27), which has no missing parents
17/10/24 16:57:45 INFO MemoryStore: ensureFreeSpace(3736) called with curMem=271370, maxMem=555755765
17/10/24 16:57:45 INFO MemoryStore: Block broadcast_3 stored as values in memory (estimated size 3.6 KB, free 529.7 MB)
17/10/24 16:57:45 INFO MemoryStore: ensureFreeSpace(2167) called with curMem=275106, maxMem=555755765
17/10/24 16:57:45 INFO MemoryStore: Block broadcast_3_piece0 stored as bytes in memory (estimated size 2.1 KB, free 529.7 MB)
17/10/24 16:57:45 INFO BlockManagerInfo: Added broadcast_3_piece0 in memory on localhost:43062 (size: 2.1 KB, free: 530.0 MB)
17/10/24 16:57:45 INFO SparkContext: Created broadcast 3 from broadcast at DAGScheduler.scala:861
17/10/24 16:57:45 INFO DAGScheduler: Submitting 2 missing tasks from ShuffleMapStage 1 (MapPartitionsRDD[6] at map at Multiply.scala:27)
17/10/24 16:57:45 INFO TaskSchedulerImpl: Adding task set 1.0 with 2 tasks
17/10/24 16:57:45 INFO TaskSetManager: Starting task 0.0 in stage 0.0 (TID 0, localhost, PROCESS_LOCAL, 2201 bytes)
17/10/24 16:57:45 INFO TaskSetManager: Starting task 1.0 in stage 0.0 (TID 1, localhost, PROCESS_LOCAL, 2201 bytes)
17/10/24 16:57:45 INFO Executor: Running task 0.0 in stage 0.0 (TID 0)
17/10/24 16:57:45 INFO Executor: Running task 1.0 in stage 0.0 (TID 1)
17/10/24 16:57:45 INFO Executor: Fetching http://198.202.112.149:43682/jars/multiply.jar with timestamp 1508889462256
17/10/24 16:57:45 INFO Utils: Fetching http://198.202.112.149:43682/jars/multiply.jar to /tmp/spark-367c5f81-1e78-47bf-a6de-d81b6ff44522/userFiles-b145d431-7f54-4a6a-9e6b-85476d05f567/fetchFileTemp4761883826875838397.tmp
17/10/24 16:57:45 INFO Executor: Adding file:/tmp/spark-367c5f81-1e78-47bf-a6de-d81b6ff44522/userFiles-b145d431-7f54-4a6a-9e6b-85476d05f567/multiply.jar to class loader
17/10/24 16:57:45 INFO HadoopRDD: Input split: file:/home/pchannal/project3/N-matrix-small.txt:33+34
17/10/24 16:57:45 INFO HadoopRDD: Input split: file:/home/pchannal/project3/N-matrix-small.txt:0+33
17/10/24 16:57:45 INFO deprecation: mapred.tip.id is deprecated. Instead, use mapreduce.task.id
17/10/24 16:57:45 INFO deprecation: mapred.task.id is deprecated. Instead, use mapreduce.task.attempt.id
17/10/24 16:57:45 INFO deprecation: mapred.task.is.map is deprecated. Instead, use mapreduce.task.ismap
17/10/24 16:57:45 INFO deprecation: mapred.task.partition is deprecated. Instead, use mapreduce.task.partition
17/10/24 16:57:45 INFO deprecation: mapred.job.id is deprecated. Instead, use mapreduce.job.id
17/10/24 16:57:45 INFO Executor: Finished task 0.0 in stage 0.0 (TID 0). 2254 bytes result sent to driver
17/10/24 16:57:45 INFO TaskSetManager: Starting task 0.0 in stage 1.0 (TID 2, localhost, PROCESS_LOCAL, 2201 bytes)
17/10/24 16:57:45 INFO Executor: Running task 0.0 in stage 1.0 (TID 2)
17/10/24 16:57:45 INFO HadoopRDD: Input split: file:/home/pchannal/project3/M-matrix-small.txt:0+46
17/10/24 16:57:45 INFO Executor: Finished task 1.0 in stage 0.0 (TID 1). 2254 bytes result sent to driver
17/10/24 16:57:45 INFO TaskSetManager: Starting task 1.0 in stage 1.0 (TID 3, localhost, PROCESS_LOCAL, 2201 bytes)
17/10/24 16:57:45 INFO Executor: Running task 1.0 in stage 1.0 (TID 3)
17/10/24 16:57:45 INFO Executor: Finished task 0.0 in stage 1.0 (TID 2). 2254 bytes result sent to driver
17/10/24 16:57:45 INFO HadoopRDD: Input split: file:/home/pchannal/project3/M-matrix-small.txt:46+46
17/10/24 16:57:45 INFO Executor: Finished task 1.0 in stage 1.0 (TID 3). 2254 bytes result sent to driver
17/10/24 16:57:45 INFO TaskSetManager: Finished task 1.0 in stage 0.0 (TID 1) in 200 ms on localhost (1/2)
17/10/24 16:57:45 INFO TaskSetManager: Finished task 0.0 in stage 1.0 (TID 2) in 45 ms on localhost (1/2)
17/10/24 16:57:45 INFO TaskSetManager: Finished task 0.0 in stage 0.0 (TID 0) in 234 ms on localhost (2/2)
17/10/24 16:57:45 INFO DAGScheduler: ShuffleMapStage 0 (map at Multiply.scala:28) finished in 0.238 s
17/10/24 16:57:45 INFO DAGScheduler: looking for newly runnable stages
17/10/24 16:57:45 INFO DAGScheduler: running: Set(ShuffleMapStage 1)
17/10/24 16:57:45 INFO DAGScheduler: waiting: Set(ShuffleMapStage 2, ResultStage 3)
17/10/24 16:57:45 INFO DAGScheduler: failed: Set()
17/10/24 16:57:45 INFO DAGScheduler: Missing parents for ShuffleMapStage 2: List(ShuffleMapStage 1)
17/10/24 16:57:45 INFO DAGScheduler: Missing parents for ResultStage 3: List(ShuffleMapStage 2)
17/10/24 16:57:45 INFO TaskSchedulerImpl: Removed TaskSet 0.0, whose tasks have all completed, from pool 
17/10/24 16:57:45 INFO DAGScheduler: ShuffleMapStage 1 (map at Multiply.scala:27) finished in 0.225 s
17/10/24 16:57:45 INFO DAGScheduler: looking for newly runnable stages
17/10/24 16:57:45 INFO DAGScheduler: running: Set()
17/10/24 16:57:45 INFO DAGScheduler: waiting: Set(ShuffleMapStage 2, ResultStage 3)
17/10/24 16:57:45 INFO DAGScheduler: failed: Set()
17/10/24 16:57:45 INFO DAGScheduler: Missing parents for ShuffleMapStage 2: List()
17/10/24 16:57:45 INFO DAGScheduler: Missing parents for ResultStage 3: List(ShuffleMapStage 2)
17/10/24 16:57:45 INFO DAGScheduler: Submitting ShuffleMapStage 2 (MapPartitionsRDD[11] at map at Multiply.scala:32), which is now runnable
17/10/24 16:57:45 INFO TaskSetManager: Finished task 1.0 in stage 1.0 (TID 3) in 45 ms on localhost (2/2)
17/10/24 16:57:45 INFO TaskSchedulerImpl: Removed TaskSet 1.0, whose tasks have all completed, from pool 
17/10/24 16:57:45 INFO MemoryStore: ensureFreeSpace(3072) called with curMem=277273, maxMem=555755765
17/10/24 16:57:45 INFO MemoryStore: Block broadcast_4 stored as values in memory (estimated size 3.0 KB, free 529.7 MB)
17/10/24 16:57:45 INFO MemoryStore: ensureFreeSpace(1669) called with curMem=280345, maxMem=555755765
17/10/24 16:57:45 INFO MemoryStore: Block broadcast_4_piece0 stored as bytes in memory (estimated size 1669.0 B, free 529.7 MB)
17/10/24 16:57:45 INFO BlockManagerInfo: Added broadcast_4_piece0 in memory on localhost:43062 (size: 1669.0 B, free: 530.0 MB)
17/10/24 16:57:45 INFO SparkContext: Created broadcast 4 from broadcast at DAGScheduler.scala:861
17/10/24 16:57:45 INFO DAGScheduler: Submitting 2 missing tasks from ShuffleMapStage 2 (MapPartitionsRDD[11] at map at Multiply.scala:32)
17/10/24 16:57:45 INFO TaskSchedulerImpl: Adding task set 2.0 with 2 tasks
17/10/24 16:57:45 INFO TaskSetManager: Starting task 0.0 in stage 2.0 (TID 4, localhost, PROCESS_LOCAL, 2019 bytes)
17/10/24 16:57:45 INFO TaskSetManager: Starting task 1.0 in stage 2.0 (TID 5, localhost, PROCESS_LOCAL, 2019 bytes)
17/10/24 16:57:45 INFO Executor: Running task 1.0 in stage 2.0 (TID 5)
17/10/24 16:57:45 INFO Executor: Running task 0.0 in stage 2.0 (TID 4)
17/10/24 16:57:45 INFO ShuffleBlockFetcherIterator: Getting 2 non-empty blocks out of 2 blocks
17/10/24 16:57:45 INFO ShuffleBlockFetcherIterator: Getting 2 non-empty blocks out of 2 blocks
17/10/24 16:57:45 INFO ShuffleBlockFetcherIterator: Started 0 remote fetches in 1 ms
17/10/24 16:57:45 INFO ShuffleBlockFetcherIterator: Started 0 remote fetches in 3 ms
17/10/24 16:57:45 INFO ShuffleBlockFetcherIterator: Getting 2 non-empty blocks out of 2 blocks
17/10/24 16:57:45 INFO ShuffleBlockFetcherIterator: Started 0 remote fetches in 0 ms
17/10/24 16:57:45 INFO ShuffleBlockFetcherIterator: Getting 2 non-empty blocks out of 2 blocks
17/10/24 16:57:45 INFO ShuffleBlockFetcherIterator: Started 0 remote fetches in 0 ms
17/10/24 16:57:45 INFO Executor: Finished task 1.0 in stage 2.0 (TID 5). 1375 bytes result sent to driver
17/10/24 16:57:45 INFO Executor: Finished task 0.0 in stage 2.0 (TID 4). 1375 bytes result sent to driver
17/10/24 16:57:45 INFO TaskSetManager: Finished task 1.0 in stage 2.0 (TID 5) in 74 ms on localhost (1/2)
17/10/24 16:57:45 INFO TaskSetManager: Finished task 0.0 in stage 2.0 (TID 4) in 76 ms on localhost (2/2)
17/10/24 16:57:45 INFO TaskSchedulerImpl: Removed TaskSet 2.0, whose tasks have all completed, from pool 
17/10/24 16:57:45 INFO DAGScheduler: ShuffleMapStage 2 (map at Multiply.scala:32) finished in 0.072 s
17/10/24 16:57:45 INFO DAGScheduler: looking for newly runnable stages
17/10/24 16:57:45 INFO DAGScheduler: running: Set()
17/10/24 16:57:45 INFO DAGScheduler: waiting: Set(ResultStage 3)
17/10/24 16:57:45 INFO DAGScheduler: failed: Set()
17/10/24 16:57:45 INFO DAGScheduler: Missing parents for ResultStage 3: List()
17/10/24 16:57:45 INFO DAGScheduler: Submitting ResultStage 3 (MapPartitionsRDD[13] at map at Multiply.scala:35), which is now runnable
17/10/24 16:57:45 INFO MemoryStore: ensureFreeSpace(2776) called with curMem=282014, maxMem=555755765
17/10/24 16:57:45 INFO MemoryStore: Block broadcast_5 stored as values in memory (estimated size 2.7 KB, free 529.7 MB)
17/10/24 16:57:45 INFO MemoryStore: ensureFreeSpace(1613) called with curMem=284790, maxMem=555755765
17/10/24 16:57:45 INFO MemoryStore: Block broadcast_5_piece0 stored as bytes in memory (estimated size 1613.0 B, free 529.7 MB)
17/10/24 16:57:45 INFO BlockManagerInfo: Added broadcast_5_piece0 in memory on localhost:43062 (size: 1613.0 B, free: 530.0 MB)
17/10/24 16:57:45 INFO SparkContext: Created broadcast 5 from broadcast at DAGScheduler.scala:861
17/10/24 16:57:45 INFO DAGScheduler: Submitting 2 missing tasks from ResultStage 3 (MapPartitionsRDD[13] at map at Multiply.scala:35)
17/10/24 16:57:45 INFO TaskSchedulerImpl: Adding task set 3.0 with 2 tasks
17/10/24 16:57:45 INFO TaskSetManager: Starting task 0.0 in stage 3.0 (TID 6, localhost, PROCESS_LOCAL, 1957 bytes)
17/10/24 16:57:45 INFO TaskSetManager: Starting task 1.0 in stage 3.0 (TID 7, localhost, PROCESS_LOCAL, 1957 bytes)
17/10/24 16:57:45 INFO Executor: Running task 1.0 in stage 3.0 (TID 7)
17/10/24 16:57:45 INFO Executor: Running task 0.0 in stage 3.0 (TID 6)
17/10/24 16:57:45 INFO ShuffleBlockFetcherIterator: Getting 2 non-empty blocks out of 2 blocks
17/10/24 16:57:45 INFO ShuffleBlockFetcherIterator: Started 0 remote fetches in 0 ms
17/10/24 16:57:45 INFO ShuffleBlockFetcherIterator: Getting 2 non-empty blocks out of 2 blocks
17/10/24 16:57:45 INFO ShuffleBlockFetcherIterator: Started 0 remote fetches in 0 ms
17/10/24 16:57:45 INFO Executor: Finished task 1.0 in stage 3.0 (TID 7). 1539 bytes result sent to driver
17/10/24 16:57:45 INFO TaskSetManager: Finished task 1.0 in stage 3.0 (TID 7) in 5 ms on localhost (1/2)
17/10/24 16:57:45 INFO Executor: Finished task 0.0 in stage 3.0 (TID 6). 1539 bytes result sent to driver
17/10/24 16:57:45 INFO TaskSetManager: Finished task 0.0 in stage 3.0 (TID 6) in 18 ms on localhost (2/2)
17/10/24 16:57:45 INFO TaskSchedulerImpl: Removed TaskSet 3.0, whose tasks have all completed, from pool 
17/10/24 16:57:45 INFO DAGScheduler: ResultStage 3 (collect at Multiply.scala:41) finished in 0.017 s
17/10/24 16:57:45 INFO DAGScheduler: Job 0 finished: collect at Multiply.scala:41, took 0.461684 s
17/10/24 16:57:45 INFO SparkContext: Starting job: sortBy at Multiply.scala:42
17/10/24 16:57:45 INFO MapOutputTrackerMaster: Size of output statuses for shuffle 1 is 155 bytes
17/10/24 16:57:45 INFO MapOutputTrackerMaster: Size of output statuses for shuffle 0 is 154 bytes
17/10/24 16:57:45 INFO MapOutputTrackerMaster: Size of output statuses for shuffle 2 is 155 bytes
17/10/24 16:57:45 INFO DAGScheduler: Got job 1 (sortBy at Multiply.scala:42) with 2 output partitions
17/10/24 16:57:45 INFO DAGScheduler: Final stage: ResultStage 7(sortBy at Multiply.scala:42)
17/10/24 16:57:45 INFO DAGScheduler: Parents of final stage: List(ShuffleMapStage 6)
17/10/24 16:57:45 INFO DAGScheduler: Missing parents: List()
17/10/24 16:57:45 INFO DAGScheduler: Submitting ResultStage 7 (MapPartitionsRDD[16] at sortBy at Multiply.scala:42), which has no missing parents
17/10/24 16:57:45 INFO MemoryStore: ensureFreeSpace(3416) called with curMem=286403, maxMem=555755765
17/10/24 16:57:45 INFO MemoryStore: Block broadcast_6 stored as values in memory (estimated size 3.3 KB, free 529.7 MB)
17/10/24 16:57:45 INFO MemoryStore: ensureFreeSpace(1862) called with curMem=289819, maxMem=555755765
17/10/24 16:57:45 INFO MemoryStore: Block broadcast_6_piece0 stored as bytes in memory (estimated size 1862.0 B, free 529.7 MB)
17/10/24 16:57:45 INFO BlockManagerInfo: Added broadcast_6_piece0 in memory on localhost:43062 (size: 1862.0 B, free: 530.0 MB)
17/10/24 16:57:45 INFO SparkContext: Created broadcast 6 from broadcast at DAGScheduler.scala:861
17/10/24 16:57:45 INFO DAGScheduler: Submitting 2 missing tasks from ResultStage 7 (MapPartitionsRDD[16] at sortBy at Multiply.scala:42)
17/10/24 16:57:45 INFO TaskSchedulerImpl: Adding task set 7.0 with 2 tasks
17/10/24 16:57:45 INFO TaskSetManager: Starting task 0.0 in stage 7.0 (TID 8, localhost, PROCESS_LOCAL, 1957 bytes)
17/10/24 16:57:45 INFO TaskSetManager: Starting task 1.0 in stage 7.0 (TID 9, localhost, PROCESS_LOCAL, 1957 bytes)
17/10/24 16:57:45 INFO Executor: Running task 0.0 in stage 7.0 (TID 8)
17/10/24 16:57:45 INFO ShuffleBlockFetcherIterator: Getting 2 non-empty blocks out of 2 blocks
17/10/24 16:57:45 INFO ShuffleBlockFetcherIterator: Started 0 remote fetches in 0 ms
17/10/24 16:57:45 INFO Executor: Finished task 0.0 in stage 7.0 (TID 8). 1560 bytes result sent to driver
17/10/24 16:57:45 INFO TaskSetManager: Finished task 0.0 in stage 7.0 (TID 8) in 5 ms on localhost (1/2)
17/10/24 16:57:45 INFO Executor: Running task 1.0 in stage 7.0 (TID 9)
17/10/24 16:57:45 INFO ShuffleBlockFetcherIterator: Getting 2 non-empty blocks out of 2 blocks
17/10/24 16:57:45 INFO ShuffleBlockFetcherIterator: Started 0 remote fetches in 0 ms
17/10/24 16:57:45 INFO Executor: Finished task 1.0 in stage 7.0 (TID 9). 1560 bytes result sent to driver
17/10/24 16:57:45 INFO TaskSetManager: Finished task 1.0 in stage 7.0 (TID 9) in 15 ms on localhost (2/2)
17/10/24 16:57:45 INFO TaskSchedulerImpl: Removed TaskSet 7.0, whose tasks have all completed, from pool 
17/10/24 16:57:45 INFO DAGScheduler: ResultStage 7 (sortBy at Multiply.scala:42) finished in 0.009 s
17/10/24 16:57:45 INFO DAGScheduler: Job 1 finished: sortBy at Multiply.scala:42, took 0.034389 s
17/10/24 16:57:45 INFO SparkContext: Starting job: collect at Multiply.scala:47
17/10/24 16:57:45 INFO DAGScheduler: Got job 2 (collect at Multiply.scala:47) with 2 output partitions
17/10/24 16:57:45 INFO DAGScheduler: Final stage: ResultStage 11(collect at Multiply.scala:47)
17/10/24 16:57:45 INFO DAGScheduler: Parents of final stage: List(ShuffleMapStage 10)
17/10/24 16:57:45 INFO DAGScheduler: Missing parents: List()
17/10/24 16:57:45 INFO DAGScheduler: Submitting ResultStage 11 (MapPartitionsRDD[19] at map at Multiply.scala:44), which has no missing parents
17/10/24 16:57:45 INFO MemoryStore: ensureFreeSpace(2920) called with curMem=291681, maxMem=555755765
17/10/24 16:57:45 INFO MemoryStore: Block broadcast_7 stored as values in memory (estimated size 2.9 KB, free 529.7 MB)
17/10/24 16:57:45 INFO MemoryStore: ensureFreeSpace(1681) called with curMem=294601, maxMem=555755765
17/10/24 16:57:45 INFO MemoryStore: Block broadcast_7_piece0 stored as bytes in memory (estimated size 1681.0 B, free 529.7 MB)
17/10/24 16:57:45 INFO BlockManagerInfo: Added broadcast_7_piece0 in memory on localhost:43062 (size: 1681.0 B, free: 530.0 MB)
17/10/24 16:57:45 INFO SparkContext: Created broadcast 7 from broadcast at DAGScheduler.scala:861
17/10/24 16:57:45 INFO DAGScheduler: Submitting 2 missing tasks from ResultStage 11 (MapPartitionsRDD[19] at map at Multiply.scala:44)
17/10/24 16:57:45 INFO TaskSchedulerImpl: Adding task set 11.0 with 2 tasks
17/10/24 16:57:45 INFO TaskSetManager: Starting task 0.0 in stage 11.0 (TID 10, localhost, PROCESS_LOCAL, 1957 bytes)
17/10/24 16:57:45 INFO TaskSetManager: Starting task 1.0 in stage 11.0 (TID 11, localhost, PROCESS_LOCAL, 1957 bytes)
17/10/24 16:57:45 INFO Executor: Running task 0.0 in stage 11.0 (TID 10)
17/10/24 16:57:45 INFO ShuffleBlockFetcherIterator: Getting 2 non-empty blocks out of 2 blocks
17/10/24 16:57:45 INFO ShuffleBlockFetcherIterator: Started 0 remote fetches in 0 ms
17/10/24 16:57:45 INFO Executor: Finished task 0.0 in stage 11.0 (TID 10). 1231 bytes result sent to driver
17/10/24 16:57:45 INFO Executor: Running task 1.0 in stage 11.0 (TID 11)
17/10/24 16:57:45 INFO TaskSetManager: Finished task 0.0 in stage 11.0 (TID 10) in 4 ms on localhost (1/2)
17/10/24 16:57:45 INFO ShuffleBlockFetcherIterator: Getting 2 non-empty blocks out of 2 blocks
17/10/24 16:57:45 INFO ShuffleBlockFetcherIterator: Started 0 remote fetches in 0 ms
17/10/24 16:57:45 INFO Executor: Finished task 1.0 in stage 11.0 (TID 11). 1228 bytes result sent to driver
17/10/24 16:57:45 INFO TaskSetManager: Finished task 1.0 in stage 11.0 (TID 11) in 8 ms on localhost (2/2)
17/10/24 16:57:45 INFO TaskSchedulerImpl: Removed TaskSet 11.0, whose tasks have all completed, from pool 
17/10/24 16:57:45 INFO DAGScheduler: ResultStage 11 (collect at Multiply.scala:47) finished in 0.005 s
17/10/24 16:57:45 INFO DAGScheduler: Job 2 finished: collect at Multiply.scala:47, took 0.018068 s
3 1 56.0
1 0 45.0
3 0 49.0
0 1 -43.0
1 2 1.0
2 1 21.0
0 0 7.0
1 1 -9.0
2 2 -1.0
3 2 0.0
0 2 1.0
2 0 59.0
17/10/24 16:57:45 INFO SparkUI: Stopped Spark web UI at http://198.202.112.149:4040
17/10/24 16:57:45 INFO DAGScheduler: Stopping DAGScheduler
17/10/24 16:57:45 INFO MapOutputTrackerMasterEndpoint: MapOutputTrackerMasterEndpoint stopped!
17/10/24 16:57:45 INFO MemoryStore: MemoryStore cleared
17/10/24 16:57:45 INFO BlockManager: BlockManager stopped
17/10/24 16:57:45 INFO BlockManagerMaster: BlockManagerMaster stopped
17/10/24 16:57:45 INFO OutputCommitCoordinator$OutputCommitCoordinatorEndpoint: OutputCommitCoordinator stopped!
17/10/24 16:57:45 INFO SparkContext: Successfully stopped SparkContext
17/10/24 16:57:45 INFO ShutdownHookManager: Shutdown hook called
17/10/24 16:57:45 INFO ShutdownHookManager: Deleting directory /tmp/spark-367c5f81-1e78-47bf-a6de-d81b6ff44522
