myHadoop: Setting MH_IPOIB_TRANSFORM='s/\([^.]*\).*$/\1.ibnet/' from myhadoop.conf
myHadoop: Setting MH_SCRATCH_DIR=/scratch/$USER/$SLURM_JOBID from myhadoop.conf
myHadoop: Using HADOOP_HOME=/opt/hadoop/2.6.0
myHadoop: Using MH_SCRATCH_DIR=/scratch/pchannal/12978717
myHadoop: Using JAVA_HOME=/usr/java/latest
myHadoop: Generating Hadoop configuration in directory in /home/pchannal/cometcluster...
myHadoop: Backing up old config dir to /home/pchannal/cometcluster.19...
`/home/pchannal/cometcluster' -> `/home/pchannal/cometcluster.19'
myHadoop: Designating comet-02-41.ibnet as master node (namenode, secondary namenode, and jobtracker)
myHadoop: The following nodes will be slaves (datanode, tasktracer):
comet-02-41.ibnet
comet-02-53.ibnet
comet-02-54.ibnet
17/11/30 09:31:31 INFO namenode.NameNode: STARTUP_MSG: 
/************************************************************
STARTUP_MSG: Starting NameNode
STARTUP_MSG:   host = comet-02-41.sdsc.edu/198.202.112.43
STARTUP_MSG:   args = [-format]
STARTUP_MSG:   version = 2.6.0
STARTUP_MSG:   classpath = /home/pchannal/cometcluster:/opt/hadoop/2.6.0/share/hadoop/common/lib/mockito-all-1.8.5.jar:/opt/hadoop/2.6.0/share/hadoop/common/lib/guava-11.0.2.jar:/opt/hadoop/2.6.0/share/hadoop/common/lib/commons-math3-3.1.1.jar:/opt/hadoop/2.6.0/share/hadoop/common/lib/netty-3.6.2.Final.jar:/opt/hadoop/2.6.0/share/hadoop/common/lib/jaxb-api-2.2.2.jar:/opt/hadoop/2.6.0/share/hadoop/common/lib/xmlenc-0.52.jar:/opt/hadoop/2.6.0/share/hadoop/common/lib/jackson-jaxrs-1.9.13.jar:/opt/hadoop/2.6.0/share/hadoop/common/lib/commons-codec-1.4.jar:/opt/hadoop/2.6.0/share/hadoop/common/lib/asm-3.2.jar:/opt/hadoop/2.6.0/share/hadoop/common/lib/commons-logging-1.1.3.jar:/opt/hadoop/2.6.0/share/hadoop/common/lib/jsp-api-2.1.jar:/opt/hadoop/2.6.0/share/hadoop/common/lib/commons-el-1.0.jar:/opt/hadoop/2.6.0/share/hadoop/common/lib/xz-1.0.jar:/opt/hadoop/2.6.0/share/hadoop/common/lib/jetty-6.1.26.jar:/opt/hadoop/2.6.0/share/hadoop/common/lib/commons-net-3.1.jar:/opt/hadoop/2.6.0/share/hadoop/common/lib/snappy-java-1.0.4.1.jar:/opt/hadoop/2.6.0/share/hadoop/common/lib/commons-cli-1.2.jar:/opt/hadoop/2.6.0/share/hadoop/common/lib/curator-client-2.6.0.jar:/opt/hadoop/2.6.0/share/hadoop/common/lib/api-util-1.0.0-M20.jar:/opt/hadoop/2.6.0/share/hadoop/common/lib/slf4j-log4j12-1.7.5.jar:/opt/hadoop/2.6.0/share/hadoop/common/lib/api-asn1-api-1.0.0-M20.jar:/opt/hadoop/2.6.0/share/hadoop/common/lib/jersey-json-1.9.jar:/opt/hadoop/2.6.0/share/hadoop/common/lib/junit-4.11.jar:/opt/hadoop/2.6.0/share/hadoop/common/lib/jasper-compiler-5.5.23.jar:/opt/hadoop/2.6.0/share/hadoop/common/lib/slf4j-api-1.7.5.jar:/opt/hadoop/2.6.0/share/hadoop/common/lib/curator-framework-2.6.0.jar:/opt/hadoop/2.6.0/share/hadoop/common/lib/apacheds-kerberos-codec-2.0.0-M15.jar:/opt/hadoop/2.6.0/share/hadoop/common/lib/gson-2.2.4.jar:/opt/hadoop/2.6.0/share/hadoop/common/lib/commons-collections-3.2.1.jar:/opt/hadoop/2.6.0/share/hadoop/common/lib/jsr305-1.3.9.jar:/opt/hadoop/2.6.0/share/hadoop/common/lib/commons-lang-2.6.jar:/opt/hadoop/2.6.0/share/hadoop/common/lib/httpclient-4.2.5.jar:/opt/hadoop/2.6.0/share/hadoop/common/lib/activation-1.1.jar:/opt/hadoop/2.6.0/share/hadoop/common/lib/jaxb-impl-2.2.3-1.jar:/opt/hadoop/2.6.0/share/hadoop/common/lib/jackson-core-asl-1.9.13.jar:/opt/hadoop/2.6.0/share/hadoop/common/lib/curator-recipes-2.6.0.jar:/opt/hadoop/2.6.0/share/hadoop/common/lib/java-xmlbuilder-0.4.jar:/opt/hadoop/2.6.0/share/hadoop/common/lib/jersey-server-1.9.jar:/opt/hadoop/2.6.0/share/hadoop/common/lib/commons-io-2.4.jar:/opt/hadoop/2.6.0/share/hadoop/common/lib/avro-1.7.4.jar:/opt/hadoop/2.6.0/share/hadoop/common/lib/hadoop-annotations-2.6.0.jar:/opt/hadoop/2.6.0/share/hadoop/common/lib/hadoop-auth-2.6.0.jar:/opt/hadoop/2.6.0/share/hadoop/common/lib/jets3t-0.9.0.jar:/opt/hadoop/2.6.0/share/hadoop/common/lib/log4j-1.2.17.jar:/opt/hadoop/2.6.0/share/hadoop/common/lib/commons-beanutils-1.7.0.jar:/opt/hadoop/2.6.0/share/hadoop/common/lib/commons-configuration-1.6.jar:/opt/hadoop/2.6.0/share/hadoop/common/lib/jettison-1.1.jar:/opt/hadoop/2.6.0/share/hadoop/common/lib/commons-httpclient-3.1.jar:/opt/hadoop/2.6.0/share/hadoop/common/lib/jetty-util-6.1.26.jar:/opt/hadoop/2.6.0/share/hadoop/common/lib/hamcrest-core-1.3.jar:/opt/hadoop/2.6.0/share/hadoop/common/lib/jackson-mapper-asl-1.9.13.jar:/opt/hadoop/2.6.0/share/hadoop/common/lib/zookeeper-3.4.6.jar:/opt/hadoop/2.6.0/share/hadoop/common/lib/htrace-core-3.0.4.jar:/opt/hadoop/2.6.0/share/hadoop/common/lib/jsch-0.1.42.jar:/opt/hadoop/2.6.0/share/hadoop/common/lib/commons-beanutils-core-1.8.0.jar:/opt/hadoop/2.6.0/share/hadoop/common/lib/jasper-runtime-5.5.23.jar:/opt/hadoop/2.6.0/share/hadoop/common/lib/protobuf-java-2.5.0.jar:/opt/hadoop/2.6.0/share/hadoop/common/lib/apacheds-i18n-2.0.0-M15.jar:/opt/hadoop/2.6.0/share/hadoop/common/lib/paranamer-2.3.jar:/opt/hadoop/2.6.0/share/hadoop/common/lib/commons-digester-1.8.jar:/opt/hadoop/2.6.0/share/hadoop/common/lib/stax-api-1.0-2.jar:/opt/hadoop/2.6.0/share/hadoop/common/lib/httpcore-4.2.5.jar:/opt/hadoop/2.6.0/share/hadoop/common/lib/jersey-core-1.9.jar:/opt/hadoop/2.6.0/share/hadoop/common/lib/commons-compress-1.4.1.jar:/opt/hadoop/2.6.0/share/hadoop/common/lib/servlet-api-2.5.jar:/opt/hadoop/2.6.0/share/hadoop/common/lib/jackson-xc-1.9.13.jar:/opt/hadoop/2.6.0/share/hadoop/common/hadoop-common-2.6.0-tests.jar:/opt/hadoop/2.6.0/share/hadoop/common/hadoop-nfs-2.6.0.jar:/opt/hadoop/2.6.0/share/hadoop/common/hadoop-common-2.6.0.jar:/opt/hadoop/2.6.0/share/hadoop/hdfs:/opt/hadoop/2.6.0/share/hadoop/hdfs/lib/guava-11.0.2.jar:/opt/hadoop/2.6.0/share/hadoop/hdfs/lib/netty-3.6.2.Final.jar:/opt/hadoop/2.6.0/share/hadoop/hdfs/lib/xmlenc-0.52.jar:/opt/hadoop/2.6.0/share/hadoop/hdfs/lib/commons-codec-1.4.jar:/opt/hadoop/2.6.0/share/hadoop/hdfs/lib/asm-3.2.jar:/opt/hadoop/2.6.0/share/hadoop/hdfs/lib/commons-logging-1.1.3.jar:/opt/hadoop/2.6.0/share/hadoop/hdfs/lib/jsp-api-2.1.jar:/opt/hadoop/2.6.0/share/hadoop/hdfs/lib/commons-el-1.0.jar:/opt/hadoop/2.6.0/share/hadoop/hdfs/lib/jetty-6.1.26.jar:/opt/hadoop/2.6.0/share/hadoop/hdfs/lib/commons-cli-1.2.jar:/opt/hadoop/2.6.0/share/hadoop/hdfs/lib/xml-apis-1.3.04.jar:/opt/hadoop/2.6.0/share/hadoop/hdfs/lib/jsr305-1.3.9.jar:/opt/hadoop/2.6.0/share/hadoop/hdfs/lib/commons-lang-2.6.jar:/opt/hadoop/2.6.0/share/hadoop/hdfs/lib/jackson-core-asl-1.9.13.jar:/opt/hadoop/2.6.0/share/hadoop/hdfs/lib/jersey-server-1.9.jar:/opt/hadoop/2.6.0/share/hadoop/hdfs/lib/commons-io-2.4.jar:/opt/hadoop/2.6.0/share/hadoop/hdfs/lib/log4j-1.2.17.jar:/opt/hadoop/2.6.0/share/hadoop/hdfs/lib/jetty-util-6.1.26.jar:/opt/hadoop/2.6.0/share/hadoop/hdfs/lib/jackson-mapper-asl-1.9.13.jar:/opt/hadoop/2.6.0/share/hadoop/hdfs/lib/htrace-core-3.0.4.jar:/opt/hadoop/2.6.0/share/hadoop/hdfs/lib/jasper-runtime-5.5.23.jar:/opt/hadoop/2.6.0/share/hadoop/hdfs/lib/protobuf-java-2.5.0.jar:/opt/hadoop/2.6.0/share/hadoop/hdfs/lib/jersey-core-1.9.jar:/opt/hadoop/2.6.0/share/hadoop/hdfs/lib/servlet-api-2.5.jar:/opt/hadoop/2.6.0/share/hadoop/hdfs/lib/commons-daemon-1.0.13.jar:/opt/hadoop/2.6.0/share/hadoop/hdfs/lib/xercesImpl-2.9.1.jar:/opt/hadoop/2.6.0/share/hadoop/hdfs/hadoop-hdfs-2.6.0-tests.jar:/opt/hadoop/2.6.0/share/hadoop/hdfs/hadoop-hdfs-nfs-2.6.0.jar:/opt/hadoop/2.6.0/share/hadoop/hdfs/hadoop-hdfs-2.6.0.jar:/opt/hadoop/2.6.0/share/hadoop/yarn/lib/guava-11.0.2.jar:/opt/hadoop/2.6.0/share/hadoop/yarn/lib/netty-3.6.2.Final.jar:/opt/hadoop/2.6.0/share/hadoop/yarn/lib/jaxb-api-2.2.2.jar:/opt/hadoop/2.6.0/share/hadoop/yarn/lib/jersey-guice-1.9.jar:/opt/hadoop/2.6.0/share/hadoop/yarn/lib/jackson-jaxrs-1.9.13.jar:/opt/hadoop/2.6.0/share/hadoop/yarn/lib/commons-codec-1.4.jar:/opt/hadoop/2.6.0/share/hadoop/yarn/lib/asm-3.2.jar:/opt/hadoop/2.6.0/share/hadoop/yarn/lib/guice-3.0.jar:/opt/hadoop/2.6.0/share/hadoop/yarn/lib/commons-logging-1.1.3.jar:/opt/hadoop/2.6.0/share/hadoop/yarn/lib/leveldbjni-all-1.8.jar:/opt/hadoop/2.6.0/share/hadoop/yarn/lib/xz-1.0.jar:/opt/hadoop/2.6.0/share/hadoop/yarn/lib/jetty-6.1.26.jar:/opt/hadoop/2.6.0/share/hadoop/yarn/lib/commons-cli-1.2.jar:/opt/hadoop/2.6.0/share/hadoop/yarn/lib/jersey-json-1.9.jar:/opt/hadoop/2.6.0/share/hadoop/yarn/lib/commons-collections-3.2.1.jar:/opt/hadoop/2.6.0/share/hadoop/yarn/lib/jsr305-1.3.9.jar:/opt/hadoop/2.6.0/share/hadoop/yarn/lib/commons-lang-2.6.jar:/opt/hadoop/2.6.0/share/hadoop/yarn/lib/activation-1.1.jar:/opt/hadoop/2.6.0/share/hadoop/yarn/lib/jaxb-impl-2.2.3-1.jar:/opt/hadoop/2.6.0/share/hadoop/yarn/lib/jackson-core-asl-1.9.13.jar:/opt/hadoop/2.6.0/share/hadoop/yarn/lib/jersey-client-1.9.jar:/opt/hadoop/2.6.0/share/hadoop/yarn/lib/jersey-server-1.9.jar:/opt/hadoop/2.6.0/share/hadoop/yarn/lib/guice-servlet-3.0.jar:/opt/hadoop/2.6.0/share/hadoop/yarn/lib/commons-io-2.4.jar:/opt/hadoop/2.6.0/share/hadoop/yarn/lib/log4j-1.2.17.jar:/opt/hadoop/2.6.0/share/hadoop/yarn/lib/jettison-1.1.jar:/opt/hadoop/2.6.0/share/hadoop/yarn/lib/commons-httpclient-3.1.jar:/opt/hadoop/2.6.0/share/hadoop/yarn/lib/jetty-util-6.1.26.jar:/opt/hadoop/2.6.0/share/hadoop/yarn/lib/javax.inject-1.jar:/opt/hadoop/2.6.0/share/hadoop/yarn/lib/jackson-mapper-asl-1.9.13.jar:/opt/hadoop/2.6.0/share/hadoop/yarn/lib/zookeeper-3.4.6.jar:/opt/hadoop/2.6.0/share/hadoop/yarn/lib/protobuf-java-2.5.0.jar:/opt/hadoop/2.6.0/share/hadoop/yarn/lib/jline-0.9.94.jar:/opt/hadoop/2.6.0/share/hadoop/yarn/lib/aopalliance-1.0.jar:/opt/hadoop/2.6.0/share/hadoop/yarn/lib/stax-api-1.0-2.jar:/opt/hadoop/2.6.0/share/hadoop/yarn/lib/jersey-core-1.9.jar:/opt/hadoop/2.6.0/share/hadoop/yarn/lib/commons-compress-1.4.1.jar:/opt/hadoop/2.6.0/share/hadoop/yarn/lib/servlet-api-2.5.jar:/opt/hadoop/2.6.0/share/hadoop/yarn/lib/jackson-xc-1.9.13.jar:/opt/hadoop/2.6.0/share/hadoop/yarn/hadoop-yarn-common-2.6.0.jar:/opt/hadoop/2.6.0/share/hadoop/yarn/hadoop-yarn-api-2.6.0.jar:/opt/hadoop/2.6.0/share/hadoop/yarn/hadoop-yarn-server-tests-2.6.0.jar:/opt/hadoop/2.6.0/share/hadoop/yarn/hadoop-yarn-applications-unmanaged-am-launcher-2.6.0.jar:/opt/hadoop/2.6.0/share/hadoop/yarn/hadoop-yarn-server-applicationhistoryservice-2.6.0.jar:/opt/hadoop/2.6.0/share/hadoop/yarn/hadoop-yarn-server-web-proxy-2.6.0.jar:/opt/hadoop/2.6.0/share/hadoop/yarn/hadoop-yarn-registry-2.6.0.jar:/opt/hadoop/2.6.0/share/hadoop/yarn/hadoop-yarn-server-nodemanager-2.6.0.jar:/opt/hadoop/2.6.0/share/hadoop/yarn/hadoop-yarn-server-resourcemanager-2.6.0.jar:/opt/hadoop/2.6.0/share/hadoop/yarn/hadoop-yarn-applications-distributedshell-2.6.0.jar:/opt/hadoop/2.6.0/share/hadoop/yarn/hadoop-yarn-server-common-2.6.0.jar:/opt/hadoop/2.6.0/share/hadoop/yarn/hadoop-yarn-client-2.6.0.jar:/opt/hadoop/2.6.0/share/hadoop/mapreduce/lib/netty-3.6.2.Final.jar:/opt/hadoop/2.6.0/share/hadoop/mapreduce/lib/jersey-guice-1.9.jar:/opt/hadoop/2.6.0/share/hadoop/mapreduce/lib/asm-3.2.jar:/opt/hadoop/2.6.0/share/hadoop/mapreduce/lib/guice-3.0.jar:/opt/hadoop/2.6.0/share/hadoop/mapreduce/lib/leveldbjni-all-1.8.jar:/opt/hadoop/2.6.0/share/hadoop/mapreduce/lib/xz-1.0.jar:/opt/hadoop/2.6.0/share/hadoop/mapreduce/lib/snappy-java-1.0.4.1.jar:/opt/hadoop/2.6.0/share/hadoop/mapreduce/lib/junit-4.11.jar:/opt/hadoop/2.6.0/share/hadoop/mapreduce/lib/jackson-core-asl-1.9.13.jar:/opt/hadoop/2.6.0/share/hadoop/mapreduce/lib/jersey-server-1.9.jar:/opt/hadoop/2.6.0/share/hadoop/mapreduce/lib/guice-servlet-3.0.jar:/opt/hadoop/2.6.0/share/hadoop/mapreduce/lib/commons-io-2.4.jar:/opt/hadoop/2.6.0/share/hadoop/mapreduce/lib/avro-1.7.4.jar:/opt/hadoop/2.6.0/share/hadoop/mapreduce/lib/hadoop-annotations-2.6.0.jar:/opt/hadoop/2.6.0/share/hadoop/mapreduce/lib/log4j-1.2.17.jar:/opt/hadoop/2.6.0/share/hadoop/mapreduce/lib/hamcrest-core-1.3.jar:/opt/hadoop/2.6.0/share/hadoop/mapreduce/lib/javax.inject-1.jar:/opt/hadoop/2.6.0/share/hadoop/mapreduce/lib/jackson-mapper-asl-1.9.13.jar:/opt/hadoop/2.6.0/share/hadoop/mapreduce/lib/protobuf-java-2.5.0.jar:/opt/hadoop/2.6.0/share/hadoop/mapreduce/lib/paranamer-2.3.jar:/opt/hadoop/2.6.0/share/hadoop/mapreduce/lib/aopalliance-1.0.jar:/opt/hadoop/2.6.0/share/hadoop/mapreduce/lib/jersey-core-1.9.jar:/opt/hadoop/2.6.0/share/hadoop/mapreduce/lib/commons-compress-1.4.1.jar:/opt/hadoop/2.6.0/share/hadoop/mapreduce/hadoop-mapreduce-client-common-2.6.0.jar:/opt/hadoop/2.6.0/share/hadoop/mapreduce/hadoop-mapreduce-client-hs-plugins-2.6.0.jar:/opt/hadoop/2.6.0/share/hadoop/mapreduce/hadoop-mapreduce-client-core-2.6.0.jar:/opt/hadoop/2.6.0/share/hadoop/mapreduce/hadoop-mapreduce-examples-2.6.0.jar:/opt/hadoop/2.6.0/share/hadoop/mapreduce/hadoop-mapreduce-client-app-2.6.0.jar:/opt/hadoop/2.6.0/share/hadoop/mapreduce/hadoop-mapreduce-client-shuffle-2.6.0.jar:/opt/hadoop/2.6.0/share/hadoop/mapreduce/hadoop-mapreduce-client-hs-2.6.0.jar:/opt/hadoop/2.6.0/share/hadoop/mapreduce/hadoop-mapreduce-client-jobclient-2.6.0.jar:/opt/hadoop/2.6.0/share/hadoop/mapreduce/hadoop-mapreduce-client-jobclient-2.6.0-tests.jar:/opt/hadoop/2.6.0/contrib/capacity-scheduler/*.jar
STARTUP_MSG:   build = https://git-wip-us.apache.org/repos/asf/hadoop.git -r e3496499ecb8d220fba99dc5ed4c99c8f9e33bb1; compiled by 'jenkins' on 2014-11-13T21:10Z
STARTUP_MSG:   java = 1.8.0_60
************************************************************/
17/11/30 09:31:31 INFO namenode.NameNode: registered UNIX signal handlers for [TERM, HUP, INT]
17/11/30 09:31:31 INFO namenode.NameNode: createNameNode [-format]
17/11/30 09:31:31 WARN util.NativeCodeLoader: Unable to load native-hadoop library for your platform... using builtin-java classes where applicable
17/11/30 09:31:32 WARN common.Util: Path /scratch/pchannal/12978717/namenode_data should be specified as a URI in configuration files. Please update hdfs configuration.
17/11/30 09:31:32 WARN common.Util: Path /scratch/pchannal/12978717/namenode_data should be specified as a URI in configuration files. Please update hdfs configuration.
Formatting using clusterid: CID-a81b7578-96f6-48ac-aa68-7132142c54aa
17/11/30 09:31:32 INFO namenode.FSNamesystem: No KeyProvider found.
17/11/30 09:31:32 INFO namenode.FSNamesystem: fsLock is fair:true
17/11/30 09:31:32 INFO blockmanagement.DatanodeManager: dfs.block.invalidate.limit=1000
17/11/30 09:31:32 INFO blockmanagement.DatanodeManager: dfs.namenode.datanode.registration.ip-hostname-check=true
17/11/30 09:31:32 INFO blockmanagement.BlockManager: dfs.namenode.startup.delay.block.deletion.sec is set to 000:00:00:00.000
17/11/30 09:31:32 INFO blockmanagement.BlockManager: The block deletion will start around 2017 Nov 30 09:31:32
17/11/30 09:31:32 INFO util.GSet: Computing capacity for map BlocksMap
17/11/30 09:31:32 INFO util.GSet: VM type       = 64-bit
17/11/30 09:31:32 INFO util.GSet: 2.0% max memory 958.5 MB = 19.2 MB
17/11/30 09:31:32 INFO util.GSet: capacity      = 2^21 = 2097152 entries
17/11/30 09:31:32 INFO blockmanagement.BlockManager: dfs.block.access.token.enable=false
17/11/30 09:31:32 INFO blockmanagement.BlockManager: defaultReplication         = 3
17/11/30 09:31:32 INFO blockmanagement.BlockManager: maxReplication             = 512
17/11/30 09:31:32 INFO blockmanagement.BlockManager: minReplication             = 1
17/11/30 09:31:32 INFO blockmanagement.BlockManager: maxReplicationStreams      = 2
17/11/30 09:31:32 INFO blockmanagement.BlockManager: shouldCheckForEnoughRacks  = false
17/11/30 09:31:32 INFO blockmanagement.BlockManager: replicationRecheckInterval = 3000
17/11/30 09:31:32 INFO blockmanagement.BlockManager: encryptDataTransfer        = false
17/11/30 09:31:32 INFO blockmanagement.BlockManager: maxNumBlocksToLog          = 1000
17/11/30 09:31:32 INFO namenode.FSNamesystem: fsOwner             = pchannal (auth:SIMPLE)
17/11/30 09:31:32 INFO namenode.FSNamesystem: supergroup          = supergroup
17/11/30 09:31:32 INFO namenode.FSNamesystem: isPermissionEnabled = true
17/11/30 09:31:32 INFO namenode.FSNamesystem: HA Enabled: false
17/11/30 09:31:32 INFO namenode.FSNamesystem: Append Enabled: true
17/11/30 09:31:32 INFO util.GSet: Computing capacity for map INodeMap
17/11/30 09:31:32 INFO util.GSet: VM type       = 64-bit
17/11/30 09:31:32 INFO util.GSet: 1.0% max memory 958.5 MB = 9.6 MB
17/11/30 09:31:32 INFO util.GSet: capacity      = 2^20 = 1048576 entries
17/11/30 09:31:32 INFO namenode.NameNode: Caching file names occuring more than 10 times
17/11/30 09:31:32 INFO util.GSet: Computing capacity for map cachedBlocks
17/11/30 09:31:32 INFO util.GSet: VM type       = 64-bit
17/11/30 09:31:32 INFO util.GSet: 0.25% max memory 958.5 MB = 2.4 MB
17/11/30 09:31:32 INFO util.GSet: capacity      = 2^18 = 262144 entries
17/11/30 09:31:32 INFO namenode.FSNamesystem: dfs.namenode.safemode.threshold-pct = 0.9990000128746033
17/11/30 09:31:32 INFO namenode.FSNamesystem: dfs.namenode.safemode.min.datanodes = 0
17/11/30 09:31:32 INFO namenode.FSNamesystem: dfs.namenode.safemode.extension     = 30000
17/11/30 09:31:32 INFO namenode.FSNamesystem: Retry cache on namenode is enabled
17/11/30 09:31:32 INFO namenode.FSNamesystem: Retry cache will use 0.03 of total heap and retry cache entry expiry time is 600000 millis
17/11/30 09:31:32 INFO util.GSet: Computing capacity for map NameNodeRetryCache
17/11/30 09:31:32 INFO util.GSet: VM type       = 64-bit
17/11/30 09:31:32 INFO util.GSet: 0.029999999329447746% max memory 958.5 MB = 294.5 KB
17/11/30 09:31:32 INFO util.GSet: capacity      = 2^15 = 32768 entries
17/11/30 09:31:32 INFO namenode.NNConf: ACLs enabled? false
17/11/30 09:31:32 INFO namenode.NNConf: XAttrs enabled? true
17/11/30 09:31:32 INFO namenode.NNConf: Maximum size of an xattr: 16384
17/11/30 09:31:33 INFO namenode.FSImage: Allocated new BlockPoolId: BP-1569988350-198.202.112.43-1512063092979
17/11/30 09:31:33 INFO common.Storage: Storage directory /scratch/pchannal/12978717/namenode_data has been successfully formatted.
17/11/30 09:31:33 INFO namenode.NNStorageRetentionManager: Going to retain 1 images with txid >= 0
17/11/30 09:31:33 INFO util.ExitUtil: Exiting with status 0
17/11/30 09:31:33 INFO namenode.NameNode: SHUTDOWN_MSG: 
/************************************************************
SHUTDOWN_MSG: Shutting down NameNode at comet-02-41.sdsc.edu/198.202.112.43
************************************************************/
17/11/30 09:31:33 WARN util.NativeCodeLoader: Unable to load native-hadoop library for your platform... using builtin-java classes where applicable
Starting namenodes on [comet-02-41.ibnet]
comet-02-41.ibnet: starting namenode, logging to /scratch/pchannal/12978717/logs/hadoop-pchannal-namenode-comet-02-41.sdsc.edu.out
comet-02-41.ibnet: starting datanode, logging to /scratch/pchannal/12978717/logs/hadoop-pchannal-datanode-comet-02-41.sdsc.edu.out
comet-02-54.ibnet: starting datanode, logging to /scratch/pchannal/12978717/logs/hadoop-pchannal-datanode-comet-02-54.sdsc.edu.out
comet-02-53.ibnet: starting datanode, logging to /scratch/pchannal/12978717/logs/hadoop-pchannal-datanode-comet-02-53.sdsc.edu.out
Starting secondary namenodes [comet-02-41.ibnet]
comet-02-41.ibnet: starting secondarynamenode, logging to /scratch/pchannal/12978717/logs/hadoop-pchannal-secondarynamenode-comet-02-41.sdsc.edu.out
17/11/30 09:31:48 WARN util.NativeCodeLoader: Unable to load native-hadoop library for your platform... using builtin-java classes where applicable
starting yarn daemons
starting resourcemanager, logging to /scratch/pchannal/12978717/logs/yarn-pchannal-resourcemanager-comet-02-41.out
comet-02-54.ibnet: starting nodemanager, logging to /scratch/pchannal/12978717/logs/yarn-pchannal-nodemanager-comet-02-54.sdsc.edu.out
comet-02-41.ibnet: starting nodemanager, logging to /scratch/pchannal/12978717/logs/yarn-pchannal-nodemanager-comet-02-41.sdsc.edu.out
comet-02-53.ibnet: starting nodemanager, logging to /scratch/pchannal/12978717/logs/yarn-pchannal-nodemanager-comet-02-53.sdsc.edu.out
17/11/30 09:31:51 WARN util.NativeCodeLoader: Unable to load native-hadoop library for your platform... using builtin-java classes where applicable
17/11/30 09:31:53 WARN util.NativeCodeLoader: Unable to load native-hadoop library for your platform... using builtin-java classes where applicable
which: no hbase in (/oasis/projects/nsf/uot143/fegaras/apache-hive-2.1.0-bin/bin:/oasis/projects/nsf/uot143/fegaras/apache-hive-2.1.0-bin/bin:/opt/hadoop/2.6.0/sbin:/opt/hadoop/contrib/myHadoop/bin:/opt/hadoop/2.6.0/bin:/opt/gnu/gcc/bin:/opt/gnu/bin:/opt/mvapich2/intel/ib/bin:/opt/intel/composer_xe_2013_sp1.2.144/bin/intel64:/opt/intel/composer_xe_2013_sp1.2.144/mpirt/bin/intel64:/opt/intel/composer_xe_2013_sp1.2.144/debugger/gdb/intel64_mic/bin:/usr/lib64/qt-3.3/bin:/usr/local/bin:/bin:/usr/bin:/usr/local/sbin:/usr/sbin:/sbin:/opt/ibutils/bin:/usr/java/latest/bin:/opt/pdsh/bin:/opt/rocks/bin:/opt/rocks/sbin:/opt/sdsc/bin:/opt/sdsc/sbin:/home/pchannal/bin)
SLF4J: Class path contains multiple SLF4J bindings.
SLF4J: Found binding in [jar:file:/oasis/projects/nsf/uot143/fegaras/apache-hive-2.1.0-bin/lib/log4j-slf4j-impl-2.4.1.jar!/org/slf4j/impl/StaticLoggerBinder.class]
SLF4J: Found binding in [jar:file:/opt/hadoop/2.6.0/share/hadoop/common/lib/slf4j-log4j12-1.7.5.jar!/org/slf4j/impl/StaticLoggerBinder.class]
SLF4J: See http://www.slf4j.org/codes.html#multiple_bindings for an explanation.
SLF4J: Actual binding is of type [org.apache.logging.slf4j.Log4jLoggerFactory]

Logging initialized using configuration in jar:file:/oasis/projects/nsf/uot143/fegaras/apache-hive-2.1.0-bin/lib/hive-common-2.1.0.jar!/hive-log4j2.properties Async: true
OK
Time taken: 2.147 seconds
OK
Time taken: 0.061 seconds
OK
Time taken: 0.051 seconds
OK
Time taken: 0.443 seconds
OK
Time taken: 0.035 seconds
OK
Time taken: 0.029 seconds
Loading data to table default.leftmatrix
OK
Time taken: 0.894 seconds
Loading data to table default.rightmatrix
OK
Time taken: 0.105 seconds
WARNING: Hive-on-MR is deprecated in Hive 2 and may not be available in the future versions. Consider using a different execution engine (i.e. spark, tez) or using Hive 1.X releases.
Query ID = pchannal_20171130093204_84d3b1e9-dce7-4903-abde-44e485d743bd
Total jobs = 2
Launching Job 1 out of 2
Number of reduce tasks not specified. Estimated from input data size: 1
In order to change the average load for a reducer (in bytes):
  set hive.exec.reducers.bytes.per.reducer=<number>
In order to limit the maximum number of reducers:
  set hive.exec.reducers.max=<number>
In order to set a constant number of reducers:
  set mapreduce.job.reduces=<number>
Starting Job = job_1512063109974_0001, Tracking URL = http://comet-02-41.ibnet:8088/proxy/application_1512063109974_0001/
Kill Command = /opt/hadoop/2.6.0/bin/hadoop job  -kill job_1512063109974_0001
Hadoop job information for Stage-1: number of mappers: 2; number of reducers: 1
2017-11-30 09:32:15,697 Stage-1 map = 0%,  reduce = 0%
2017-11-30 09:32:20,852 Stage-1 map = 100%,  reduce = 0%, Cumulative CPU 4.74 sec
2017-11-30 09:32:25,973 Stage-1 map = 100%,  reduce = 100%, Cumulative CPU 10.47 sec
MapReduce Total cumulative CPU time: 10 seconds 470 msec
Ended Job = job_1512063109974_0001
Launching Job 2 out of 2
Number of reduce tasks not specified. Estimated from input data size: 1
In order to change the average load for a reducer (in bytes):
  set hive.exec.reducers.bytes.per.reducer=<number>
In order to limit the maximum number of reducers:
  set hive.exec.reducers.max=<number>
In order to set a constant number of reducers:
  set mapreduce.job.reduces=<number>
Starting Job = job_1512063109974_0002, Tracking URL = http://comet-02-41.ibnet:8088/proxy/application_1512063109974_0002/
Kill Command = /opt/hadoop/2.6.0/bin/hadoop job  -kill job_1512063109974_0002
Hadoop job information for Stage-2: number of mappers: 1; number of reducers: 1
2017-11-30 09:32:31,550 Stage-2 map = 0%,  reduce = 0%
2017-11-30 09:32:36,680 Stage-2 map = 100%,  reduce = 0%, Cumulative CPU 3.23 sec
2017-11-30 09:32:41,798 Stage-2 map = 100%,  reduce = 100%, Cumulative CPU 7.07 sec
MapReduce Total cumulative CPU time: 7 seconds 70 msec
Ended Job = job_1512063109974_0002
Loading data to table default.lrmatrix
MapReduce Jobs Launched: 
Stage-Stage-1: Map: 2  Reduce: 1   Cumulative CPU: 10.47 sec   HDFS Read: 265210 HDFS Write: 1698474 SUCCESS
Stage-Stage-2: Map: 1  Reduce: 1   Cumulative CPU: 7.07 sec   HDFS Read: 1704754 HDFS Write: 1462312 SUCCESS
Total MapReduce CPU Time Spent: 17 seconds 540 msec
OK
Time taken: 35.794 seconds
WARNING: Hive-on-MR is deprecated in Hive 2 and may not be available in the future versions. Consider using a different execution engine (i.e. spark, tez) or using Hive 1.X releases.
Query ID = pchannal_20171130093204_84d3b1e9-dce7-4903-abde-44e485d743bd
Total jobs = 1
Launching Job 1 out of 1
Number of reduce tasks determined at compile time: 1
In order to change the average load for a reducer (in bytes):
  set hive.exec.reducers.bytes.per.reducer=<number>
In order to limit the maximum number of reducers:
  set hive.exec.reducers.max=<number>
In order to set a constant number of reducers:
  set mapreduce.job.reduces=<number>
Starting Job = job_1512063109974_0003, Tracking URL = http://comet-02-41.ibnet:8088/proxy/application_1512063109974_0003/
Kill Command = /opt/hadoop/2.6.0/bin/hadoop job  -kill job_1512063109974_0003
Hadoop job information for Stage-1: number of mappers: 1; number of reducers: 1
2017-11-30 09:32:47,517 Stage-1 map = 0%,  reduce = 0%
2017-11-30 09:32:51,616 Stage-1 map = 100%,  reduce = 0%, Cumulative CPU 3.06 sec
2017-11-30 09:32:56,728 Stage-1 map = 100%,  reduce = 100%, Cumulative CPU 4.98 sec
MapReduce Total cumulative CPU time: 4 seconds 980 msec
Ended Job = job_1512063109974_0003
MapReduce Jobs Launched: 
Stage-Stage-1: Map: 1  Reduce: 1   Cumulative CPU: 4.98 sec   HDFS Read: 1471696 HDFS Write: 126 SUCCESS
Total MapReduce CPU Time Spent: 4 seconds 980 msec
OK
59889	-0.06041565604668672
Time taken: 13.797 seconds, Fetched: 1 row(s)
stopping yarn daemons
stopping resourcemanager
comet-02-41.ibnet: stopping nodemanager
comet-02-41.ibnet: nodemanager did not stop gracefully after 5 seconds: killing with kill -9
comet-02-54.ibnet: stopping nodemanager
comet-02-54.ibnet: nodemanager did not stop gracefully after 5 seconds: killing with kill -9
comet-02-53.ibnet: stopping nodemanager
comet-02-53.ibnet: nodemanager did not stop gracefully after 5 seconds: killing with kill -9
no proxyserver to stop
17/11/30 09:33:08 WARN util.NativeCodeLoader: Unable to load native-hadoop library for your platform... using builtin-java classes where applicable
Stopping namenodes on [comet-02-41.ibnet]
comet-02-41.ibnet: stopping namenode
comet-02-54.ibnet: stopping datanode
comet-02-41.ibnet: stopping datanode
comet-02-53.ibnet: stopping datanode
Stopping secondary namenodes [comet-02-41.ibnet]
comet-02-41.ibnet: stopping secondarynamenode
17/11/30 09:33:26 WARN util.NativeCodeLoader: Unable to load native-hadoop library for your platform... using builtin-java classes where applicable
Copying Hadoop logs back to /home/pchannal/cometcluster/logs...
`/scratch/pchannal/12978717/logs' -> `/home/pchannal/cometcluster/logs'
`/scratch/pchannal/12978717/logs/yarn-pchannal-nodemanager-comet-02-41.sdsc.edu.log' -> `/home/pchannal/cometcluster/logs/yarn-pchannal-nodemanager-comet-02-41.sdsc.edu.log'
`/scratch/pchannal/12978717/logs/hadoop-pchannal-secondarynamenode-comet-02-41.sdsc.edu.log' -> `/home/pchannal/cometcluster/logs/hadoop-pchannal-secondarynamenode-comet-02-41.sdsc.edu.log'
`/scratch/pchannal/12978717/logs/hadoop-pchannal-namenode-comet-02-41.sdsc.edu.out' -> `/home/pchannal/cometcluster/logs/hadoop-pchannal-namenode-comet-02-41.sdsc.edu.out'
`/scratch/pchannal/12978717/logs/userlogs' -> `/home/pchannal/cometcluster/logs/userlogs'
`/scratch/pchannal/12978717/logs/userlogs/application_1512063109974_0002' -> `/home/pchannal/cometcluster/logs/userlogs/application_1512063109974_0002'
`/scratch/pchannal/12978717/logs/userlogs/application_1512063109974_0002/container_1512063109974_0002_01_000002' -> `/home/pchannal/cometcluster/logs/userlogs/application_1512063109974_0002/container_1512063109974_0002_01_000002'
`/scratch/pchannal/12978717/logs/userlogs/application_1512063109974_0002/container_1512063109974_0002_01_000002/syslog' -> `/home/pchannal/cometcluster/logs/userlogs/application_1512063109974_0002/container_1512063109974_0002_01_000002/syslog'
`/scratch/pchannal/12978717/logs/userlogs/application_1512063109974_0002/container_1512063109974_0002_01_000002/stdout' -> `/home/pchannal/cometcluster/logs/userlogs/application_1512063109974_0002/container_1512063109974_0002_01_000002/stdout'
`/scratch/pchannal/12978717/logs/userlogs/application_1512063109974_0002/container_1512063109974_0002_01_000002/stderr' -> `/home/pchannal/cometcluster/logs/userlogs/application_1512063109974_0002/container_1512063109974_0002_01_000002/stderr'
`/scratch/pchannal/12978717/logs/userlogs/application_1512063109974_0003' -> `/home/pchannal/cometcluster/logs/userlogs/application_1512063109974_0003'
`/scratch/pchannal/12978717/logs/userlogs/application_1512063109974_0003/container_1512063109974_0003_01_000001' -> `/home/pchannal/cometcluster/logs/userlogs/application_1512063109974_0003/container_1512063109974_0003_01_000001'
`/scratch/pchannal/12978717/logs/userlogs/application_1512063109974_0003/container_1512063109974_0003_01_000001/syslog' -> `/home/pchannal/cometcluster/logs/userlogs/application_1512063109974_0003/container_1512063109974_0003_01_000001/syslog'
`/scratch/pchannal/12978717/logs/userlogs/application_1512063109974_0003/container_1512063109974_0003_01_000001/stdout' -> `/home/pchannal/cometcluster/logs/userlogs/application_1512063109974_0003/container_1512063109974_0003_01_000001/stdout'
`/scratch/pchannal/12978717/logs/userlogs/application_1512063109974_0003/container_1512063109974_0003_01_000001/stderr' -> `/home/pchannal/cometcluster/logs/userlogs/application_1512063109974_0003/container_1512063109974_0003_01_000001/stderr'
`/scratch/pchannal/12978717/logs/userlogs/application_1512063109974_0003/container_1512063109974_0003_01_000002' -> `/home/pchannal/cometcluster/logs/userlogs/application_1512063109974_0003/container_1512063109974_0003_01_000002'
`/scratch/pchannal/12978717/logs/userlogs/application_1512063109974_0003/container_1512063109974_0003_01_000002/stdout' -> `/home/pchannal/cometcluster/logs/userlogs/application_1512063109974_0003/container_1512063109974_0003_01_000002/stdout'
`/scratch/pchannal/12978717/logs/userlogs/application_1512063109974_0003/container_1512063109974_0003_01_000002/syslog' -> `/home/pchannal/cometcluster/logs/userlogs/application_1512063109974_0003/container_1512063109974_0003_01_000002/syslog'
`/scratch/pchannal/12978717/logs/userlogs/application_1512063109974_0003/container_1512063109974_0003_01_000002/stderr' -> `/home/pchannal/cometcluster/logs/userlogs/application_1512063109974_0003/container_1512063109974_0003_01_000002/stderr'
`/scratch/pchannal/12978717/logs/userlogs/application_1512063109974_0003/container_1512063109974_0003_01_000003' -> `/home/pchannal/cometcluster/logs/userlogs/application_1512063109974_0003/container_1512063109974_0003_01_000003'
`/scratch/pchannal/12978717/logs/userlogs/application_1512063109974_0003/container_1512063109974_0003_01_000003/stderr' -> `/home/pchannal/cometcluster/logs/userlogs/application_1512063109974_0003/container_1512063109974_0003_01_000003/stderr'
`/scratch/pchannal/12978717/logs/userlogs/application_1512063109974_0003/container_1512063109974_0003_01_000003/stdout' -> `/home/pchannal/cometcluster/logs/userlogs/application_1512063109974_0003/container_1512063109974_0003_01_000003/stdout'
`/scratch/pchannal/12978717/logs/userlogs/application_1512063109974_0003/container_1512063109974_0003_01_000003/syslog' -> `/home/pchannal/cometcluster/logs/userlogs/application_1512063109974_0003/container_1512063109974_0003_01_000003/syslog'
`/scratch/pchannal/12978717/logs/yarn-pchannal-resourcemanager-comet-02-41.log' -> `/home/pchannal/cometcluster/logs/yarn-pchannal-resourcemanager-comet-02-41.log'
`/scratch/pchannal/12978717/logs/hadoop-pchannal-datanode-comet-02-41.sdsc.edu.out' -> `/home/pchannal/cometcluster/logs/hadoop-pchannal-datanode-comet-02-41.sdsc.edu.out'
`/scratch/pchannal/12978717/logs/SecurityAuth-pchannal.audit' -> `/home/pchannal/cometcluster/logs/SecurityAuth-pchannal.audit'
`/scratch/pchannal/12978717/logs/hadoop-pchannal-datanode-comet-02-41.sdsc.edu.log' -> `/home/pchannal/cometcluster/logs/hadoop-pchannal-datanode-comet-02-41.sdsc.edu.log'
`/scratch/pchannal/12978717/logs/yarn-pchannal-resourcemanager-comet-02-41.out' -> `/home/pchannal/cometcluster/logs/yarn-pchannal-resourcemanager-comet-02-41.out'
`/scratch/pchannal/12978717/logs/yarn-pchannal-nodemanager-comet-02-41.sdsc.edu.out' -> `/home/pchannal/cometcluster/logs/yarn-pchannal-nodemanager-comet-02-41.sdsc.edu.out'
`/scratch/pchannal/12978717/logs/hadoop-pchannal-secondarynamenode-comet-02-41.sdsc.edu.out' -> `/home/pchannal/cometcluster/logs/hadoop-pchannal-secondarynamenode-comet-02-41.sdsc.edu.out'
`/scratch/pchannal/12978717/logs/hadoop-pchannal-namenode-comet-02-41.sdsc.edu.log' -> `/home/pchannal/cometcluster/logs/hadoop-pchannal-namenode-comet-02-41.sdsc.edu.log'
removed `/scratch/pchannal/12978717/mapred_scratch/usercache/pchannal/filecache/10/.tmp_reduce.xml.crc'
removed `/scratch/pchannal/12978717/mapred_scratch/usercache/pchannal/filecache/10/reduce.xml'
removed directory: `/scratch/pchannal/12978717/mapred_scratch/usercache/pchannal/filecache/10'
removed `/scratch/pchannal/12978717/mapred_scratch/usercache/pchannal/filecache/13/.tmp_map.xml.crc'
removed `/scratch/pchannal/12978717/mapred_scratch/usercache/pchannal/filecache/13/map.xml'
removed directory: `/scratch/pchannal/12978717/mapred_scratch/usercache/pchannal/filecache/13'
removed `/scratch/pchannal/12978717/mapred_scratch/usercache/pchannal/filecache/11/.tmp_map.xml.crc'
removed `/scratch/pchannal/12978717/mapred_scratch/usercache/pchannal/filecache/11/map.xml'
removed directory: `/scratch/pchannal/12978717/mapred_scratch/usercache/pchannal/filecache/11'
removed `/scratch/pchannal/12978717/mapred_scratch/usercache/pchannal/filecache/12/.tmp_reduce.xml.crc'
removed `/scratch/pchannal/12978717/mapred_scratch/usercache/pchannal/filecache/12/reduce.xml'
removed directory: `/scratch/pchannal/12978717/mapred_scratch/usercache/pchannal/filecache/12'
removed directory: `/scratch/pchannal/12978717/mapred_scratch/usercache/pchannal/filecache'
removed directory: `/scratch/pchannal/12978717/mapred_scratch/usercache/pchannal/appcache'
removed directory: `/scratch/pchannal/12978717/mapred_scratch/usercache/pchannal'
removed directory: `/scratch/pchannal/12978717/mapred_scratch/usercache'
removed directory: `/scratch/pchannal/12978717/mapred_scratch/nmPrivate'
removed directory: `/scratch/pchannal/12978717/mapred_scratch/filecache'
removed directory: `/scratch/pchannal/12978717/mapred_scratch'
removed `/scratch/pchannal/12978717/tmp/dfs/namesecondary/current/edits_0000000000000000001-0000000000000000285'
removed `/scratch/pchannal/12978717/tmp/dfs/namesecondary/current/VERSION'
removed `/scratch/pchannal/12978717/tmp/dfs/namesecondary/current/fsimage_0000000000000000000'
removed `/scratch/pchannal/12978717/tmp/dfs/namesecondary/current/fsimage_0000000000000000000.md5'
removed `/scratch/pchannal/12978717/tmp/dfs/namesecondary/current/fsimage_0000000000000000285'
removed `/scratch/pchannal/12978717/tmp/dfs/namesecondary/current/fsimage_0000000000000000285.md5'
removed directory: `/scratch/pchannal/12978717/tmp/dfs/namesecondary/current'
removed directory: `/scratch/pchannal/12978717/tmp/dfs/namesecondary'
removed directory: `/scratch/pchannal/12978717/tmp/dfs'
removed directory: `/scratch/pchannal/12978717/tmp'
removed `/scratch/pchannal/12978717/namenode_data/current/fsimage_0000000000000000000.md5'
removed `/scratch/pchannal/12978717/namenode_data/current/seen_txid'
removed `/scratch/pchannal/12978717/namenode_data/current/fsimage_0000000000000000000'
removed `/scratch/pchannal/12978717/namenode_data/current/edits_0000000000000000001-0000000000000000285'
removed `/scratch/pchannal/12978717/namenode_data/current/fsimage_0000000000000000285'
removed `/scratch/pchannal/12978717/namenode_data/current/VERSION'
removed `/scratch/pchannal/12978717/namenode_data/current/edits_inprogress_0000000000000000286'
removed `/scratch/pchannal/12978717/namenode_data/current/fsimage_0000000000000000285.md5'
removed directory: `/scratch/pchannal/12978717/namenode_data/current'
removed directory: `/scratch/pchannal/12978717/namenode_data'
removed `/scratch/pchannal/12978717/hdfs_data/current/VERSION'
removed `/scratch/pchannal/12978717/hdfs_data/current/BP-1569988350-198.202.112.43-1512063092979/dncp_block_verification.log.curr'
removed directory: `/scratch/pchannal/12978717/hdfs_data/current/BP-1569988350-198.202.112.43-1512063092979/current/rbw'
removed `/scratch/pchannal/12978717/hdfs_data/current/BP-1569988350-198.202.112.43-1512063092979/current/finalized/subdir0/subdir0/blk_1073741836'
removed `/scratch/pchannal/12978717/hdfs_data/current/BP-1569988350-198.202.112.43-1512063092979/current/finalized/subdir0/subdir0/blk_1073741838_1014.meta'
removed `/scratch/pchannal/12978717/hdfs_data/current/BP-1569988350-198.202.112.43-1512063092979/current/finalized/subdir0/subdir0/blk_1073741825'
removed `/scratch/pchannal/12978717/hdfs_data/current/BP-1569988350-198.202.112.43-1512063092979/current/finalized/subdir0/subdir0/blk_1073741863_1039.meta'
removed `/scratch/pchannal/12978717/hdfs_data/current/BP-1569988350-198.202.112.43-1512063092979/current/finalized/subdir0/subdir0/blk_1073741850_1026.meta'
removed `/scratch/pchannal/12978717/hdfs_data/current/BP-1569988350-198.202.112.43-1512063092979/current/finalized/subdir0/subdir0/blk_1073741849_1025.meta'
removed `/scratch/pchannal/12978717/hdfs_data/current/BP-1569988350-198.202.112.43-1512063092979/current/finalized/subdir0/subdir0/blk_1073741862_1038.meta'
removed `/scratch/pchannal/12978717/hdfs_data/current/BP-1569988350-198.202.112.43-1512063092979/current/finalized/subdir0/subdir0/blk_1073741851_1027.meta'
removed `/scratch/pchannal/12978717/hdfs_data/current/BP-1569988350-198.202.112.43-1512063092979/current/finalized/subdir0/subdir0/blk_1073741851'
removed `/scratch/pchannal/12978717/hdfs_data/current/BP-1569988350-198.202.112.43-1512063092979/current/finalized/subdir0/subdir0/blk_1073741826'
removed `/scratch/pchannal/12978717/hdfs_data/current/BP-1569988350-198.202.112.43-1512063092979/current/finalized/subdir0/subdir0/blk_1073741863'
removed `/scratch/pchannal/12978717/hdfs_data/current/BP-1569988350-198.202.112.43-1512063092979/current/finalized/subdir0/subdir0/blk_1073741826_1002.meta'
removed `/scratch/pchannal/12978717/hdfs_data/current/BP-1569988350-198.202.112.43-1512063092979/current/finalized/subdir0/subdir0/blk_1073741838'
removed `/scratch/pchannal/12978717/hdfs_data/current/BP-1569988350-198.202.112.43-1512063092979/current/finalized/subdir0/subdir0/blk_1073741847_1023.meta'
removed `/scratch/pchannal/12978717/hdfs_data/current/BP-1569988350-198.202.112.43-1512063092979/current/finalized/subdir0/subdir0/blk_1073741847'
removed `/scratch/pchannal/12978717/hdfs_data/current/BP-1569988350-198.202.112.43-1512063092979/current/finalized/subdir0/subdir0/blk_1073741861'
removed `/scratch/pchannal/12978717/hdfs_data/current/BP-1569988350-198.202.112.43-1512063092979/current/finalized/subdir0/subdir0/blk_1073741837'
removed `/scratch/pchannal/12978717/hdfs_data/current/BP-1569988350-198.202.112.43-1512063092979/current/finalized/subdir0/subdir0/blk_1073741836_1012.meta'
removed `/scratch/pchannal/12978717/hdfs_data/current/BP-1569988350-198.202.112.43-1512063092979/current/finalized/subdir0/subdir0/blk_1073741825_1001.meta'
removed `/scratch/pchannal/12978717/hdfs_data/current/BP-1569988350-198.202.112.43-1512063092979/current/finalized/subdir0/subdir0/blk_1073741861_1037.meta'
removed `/scratch/pchannal/12978717/hdfs_data/current/BP-1569988350-198.202.112.43-1512063092979/current/finalized/subdir0/subdir0/blk_1073741837_1013.meta'
removed `/scratch/pchannal/12978717/hdfs_data/current/BP-1569988350-198.202.112.43-1512063092979/current/finalized/subdir0/subdir0/blk_1073741850'
removed `/scratch/pchannal/12978717/hdfs_data/current/BP-1569988350-198.202.112.43-1512063092979/current/finalized/subdir0/subdir0/blk_1073741862'
removed `/scratch/pchannal/12978717/hdfs_data/current/BP-1569988350-198.202.112.43-1512063092979/current/finalized/subdir0/subdir0/blk_1073741849'
removed directory: `/scratch/pchannal/12978717/hdfs_data/current/BP-1569988350-198.202.112.43-1512063092979/current/finalized/subdir0/subdir0'
removed directory: `/scratch/pchannal/12978717/hdfs_data/current/BP-1569988350-198.202.112.43-1512063092979/current/finalized/subdir0'
removed directory: `/scratch/pchannal/12978717/hdfs_data/current/BP-1569988350-198.202.112.43-1512063092979/current/finalized'
removed `/scratch/pchannal/12978717/hdfs_data/current/BP-1569988350-198.202.112.43-1512063092979/current/dfsUsed'
removed `/scratch/pchannal/12978717/hdfs_data/current/BP-1569988350-198.202.112.43-1512063092979/current/VERSION'
removed directory: `/scratch/pchannal/12978717/hdfs_data/current/BP-1569988350-198.202.112.43-1512063092979/current'
removed `/scratch/pchannal/12978717/hdfs_data/current/BP-1569988350-198.202.112.43-1512063092979/dncp_block_verification.log.prev'
removed directory: `/scratch/pchannal/12978717/hdfs_data/current/BP-1569988350-198.202.112.43-1512063092979/tmp'
removed directory: `/scratch/pchannal/12978717/hdfs_data/current/BP-1569988350-198.202.112.43-1512063092979'
removed directory: `/scratch/pchannal/12978717/hdfs_data/current'
removed directory: `/scratch/pchannal/12978717/hdfs_data'
removed directory: `/scratch/pchannal/12978717/pids'
removed `/scratch/pchannal/12978717/logs/yarn-pchannal-nodemanager-comet-02-41.sdsc.edu.log'
removed `/scratch/pchannal/12978717/logs/hadoop-pchannal-secondarynamenode-comet-02-41.sdsc.edu.log'
removed `/scratch/pchannal/12978717/logs/hadoop-pchannal-namenode-comet-02-41.sdsc.edu.out'
removed `/scratch/pchannal/12978717/logs/userlogs/application_1512063109974_0002/container_1512063109974_0002_01_000002/syslog'
removed `/scratch/pchannal/12978717/logs/userlogs/application_1512063109974_0002/container_1512063109974_0002_01_000002/stdout'
removed `/scratch/pchannal/12978717/logs/userlogs/application_1512063109974_0002/container_1512063109974_0002_01_000002/stderr'
removed directory: `/scratch/pchannal/12978717/logs/userlogs/application_1512063109974_0002/container_1512063109974_0002_01_000002'
removed directory: `/scratch/pchannal/12978717/logs/userlogs/application_1512063109974_0002'
removed `/scratch/pchannal/12978717/logs/userlogs/application_1512063109974_0003/container_1512063109974_0003_01_000001/syslog'
removed `/scratch/pchannal/12978717/logs/userlogs/application_1512063109974_0003/container_1512063109974_0003_01_000001/stdout'
removed `/scratch/pchannal/12978717/logs/userlogs/application_1512063109974_0003/container_1512063109974_0003_01_000001/stderr'
removed directory: `/scratch/pchannal/12978717/logs/userlogs/application_1512063109974_0003/container_1512063109974_0003_01_000001'
removed `/scratch/pchannal/12978717/logs/userlogs/application_1512063109974_0003/container_1512063109974_0003_01_000002/stdout'
removed `/scratch/pchannal/12978717/logs/userlogs/application_1512063109974_0003/container_1512063109974_0003_01_000002/syslog'
removed `/scratch/pchannal/12978717/logs/userlogs/application_1512063109974_0003/container_1512063109974_0003_01_000002/stderr'
removed directory: `/scratch/pchannal/12978717/logs/userlogs/application_1512063109974_0003/container_1512063109974_0003_01_000002'
removed `/scratch/pchannal/12978717/logs/userlogs/application_1512063109974_0003/container_1512063109974_0003_01_000003/stderr'
removed `/scratch/pchannal/12978717/logs/userlogs/application_1512063109974_0003/container_1512063109974_0003_01_000003/stdout'
removed `/scratch/pchannal/12978717/logs/userlogs/application_1512063109974_0003/container_1512063109974_0003_01_000003/syslog'
removed directory: `/scratch/pchannal/12978717/logs/userlogs/application_1512063109974_0003/container_1512063109974_0003_01_000003'
removed directory: `/scratch/pchannal/12978717/logs/userlogs/application_1512063109974_0003'
removed directory: `/scratch/pchannal/12978717/logs/userlogs'
removed `/scratch/pchannal/12978717/logs/yarn-pchannal-resourcemanager-comet-02-41.log'
removed `/scratch/pchannal/12978717/logs/hadoop-pchannal-datanode-comet-02-41.sdsc.edu.out'
removed `/scratch/pchannal/12978717/logs/SecurityAuth-pchannal.audit'
removed `/scratch/pchannal/12978717/logs/hadoop-pchannal-datanode-comet-02-41.sdsc.edu.log'
removed `/scratch/pchannal/12978717/logs/yarn-pchannal-resourcemanager-comet-02-41.out'
removed `/scratch/pchannal/12978717/logs/yarn-pchannal-nodemanager-comet-02-41.sdsc.edu.out'
removed `/scratch/pchannal/12978717/logs/hadoop-pchannal-secondarynamenode-comet-02-41.sdsc.edu.out'
removed `/scratch/pchannal/12978717/logs/hadoop-pchannal-namenode-comet-02-41.sdsc.edu.log'
removed directory: `/scratch/pchannal/12978717/logs'
removed `/scratch/pchannal/12978717/mapred_scratch/usercache/pchannal/filecache/10/reduce.xml'
removed `/scratch/pchannal/12978717/mapred_scratch/usercache/pchannal/filecache/10/.tmp_reduce.xml.crc'
removed directory: `/scratch/pchannal/12978717/mapred_scratch/usercache/pchannal/filecache/10'
removed `/scratch/pchannal/12978717/mapred_scratch/usercache/pchannal/filecache/13/map.xml'
removed `/scratch/pchannal/12978717/mapred_scratch/usercache/pchannal/filecache/13/.tmp_map.xml.crc'
removed directory: `/scratch/pchannal/12978717/mapred_scratch/usercache/pchannal/filecache/13'
removed `/scratch/pchannal/12978717/mapred_scratch/usercache/pchannal/filecache/11/.tmp_map.xml.crc'
removed `/scratch/pchannal/12978717/mapred_scratch/usercache/pchannal/filecache/11/map.xml'
removed directory: `/scratch/pchannal/12978717/mapred_scratch/usercache/pchannal/filecache/11'
removed `/scratch/pchannal/12978717/mapred_scratch/usercache/pchannal/filecache/12/reduce.xml'
removed `/scratch/pchannal/12978717/mapred_scratch/usercache/pchannal/filecache/12/.tmp_reduce.xml.crc'
removed directory: `/scratch/pchannal/12978717/mapred_scratch/usercache/pchannal/filecache/12'
removed directory: `/scratch/pchannal/12978717/mapred_scratch/usercache/pchannal/filecache'
removed directory: `/scratch/pchannal/12978717/mapred_scratch/usercache/pchannal/appcache'
removed directory: `/scratch/pchannal/12978717/mapred_scratch/usercache/pchannal'
removed directory: `/scratch/pchannal/12978717/mapred_scratch/usercache'
removed directory: `/scratch/pchannal/12978717/mapred_scratch/nmPrivate'
removed directory: `/scratch/pchannal/12978717/mapred_scratch/filecache'
removed directory: `/scratch/pchannal/12978717/mapred_scratch'
removed `/scratch/pchannal/12978717/hdfs_data/current/BP-1569988350-198.202.112.43-1512063092979/dncp_block_verification.log.curr'
removed `/scratch/pchannal/12978717/hdfs_data/current/BP-1569988350-198.202.112.43-1512063092979/current/VERSION'
removed `/scratch/pchannal/12978717/hdfs_data/current/BP-1569988350-198.202.112.43-1512063092979/current/finalized/subdir0/subdir0/blk_1073741849'
removed `/scratch/pchannal/12978717/hdfs_data/current/BP-1569988350-198.202.112.43-1512063092979/current/finalized/subdir0/subdir0/blk_1073741837_1013.meta'
removed `/scratch/pchannal/12978717/hdfs_data/current/BP-1569988350-198.202.112.43-1512063092979/current/finalized/subdir0/subdir0/blk_1073741861_1037.meta'
removed `/scratch/pchannal/12978717/hdfs_data/current/BP-1569988350-198.202.112.43-1512063092979/current/finalized/subdir0/subdir0/blk_1073741825_1001.meta'
removed `/scratch/pchannal/12978717/hdfs_data/current/BP-1569988350-198.202.112.43-1512063092979/current/finalized/subdir0/subdir0/blk_1073741850'
removed `/scratch/pchannal/12978717/hdfs_data/current/BP-1569988350-198.202.112.43-1512063092979/current/finalized/subdir0/subdir0/blk_1073741862'
removed `/scratch/pchannal/12978717/hdfs_data/current/BP-1569988350-198.202.112.43-1512063092979/current/finalized/subdir0/subdir0/blk_1073741836_1012.meta'
removed `/scratch/pchannal/12978717/hdfs_data/current/BP-1569988350-198.202.112.43-1512063092979/current/finalized/subdir0/subdir0/blk_1073741847'
removed `/scratch/pchannal/12978717/hdfs_data/current/BP-1569988350-198.202.112.43-1512063092979/current/finalized/subdir0/subdir0/blk_1073741837'
removed `/scratch/pchannal/12978717/hdfs_data/current/BP-1569988350-198.202.112.43-1512063092979/current/finalized/subdir0/subdir0/blk_1073741861'
removed `/scratch/pchannal/12978717/hdfs_data/current/BP-1569988350-198.202.112.43-1512063092979/current/finalized/subdir0/subdir0/blk_1073741847_1023.meta'
removed `/scratch/pchannal/12978717/hdfs_data/current/BP-1569988350-198.202.112.43-1512063092979/current/finalized/subdir0/subdir0/blk_1073741826'
removed `/scratch/pchannal/12978717/hdfs_data/current/BP-1569988350-198.202.112.43-1512063092979/current/finalized/subdir0/subdir0/blk_1073741851'
removed `/scratch/pchannal/12978717/hdfs_data/current/BP-1569988350-198.202.112.43-1512063092979/current/finalized/subdir0/subdir0/blk_1073741826_1002.meta'
removed `/scratch/pchannal/12978717/hdfs_data/current/BP-1569988350-198.202.112.43-1512063092979/current/finalized/subdir0/subdir0/blk_1073741863'
removed `/scratch/pchannal/12978717/hdfs_data/current/BP-1569988350-198.202.112.43-1512063092979/current/finalized/subdir0/subdir0/blk_1073741838'
removed `/scratch/pchannal/12978717/hdfs_data/current/BP-1569988350-198.202.112.43-1512063092979/current/finalized/subdir0/subdir0/blk_1073741851_1027.meta'
removed `/scratch/pchannal/12978717/hdfs_data/current/BP-1569988350-198.202.112.43-1512063092979/current/finalized/subdir0/subdir0/blk_1073741862_1038.meta'
removed `/scratch/pchannal/12978717/hdfs_data/current/BP-1569988350-198.202.112.43-1512063092979/current/finalized/subdir0/subdir0/blk_1073741825'
removed `/scratch/pchannal/12978717/hdfs_data/current/BP-1569988350-198.202.112.43-1512063092979/current/finalized/subdir0/subdir0/blk_1073741836'
removed `/scratch/pchannal/12978717/hdfs_data/current/BP-1569988350-198.202.112.43-1512063092979/current/finalized/subdir0/subdir0/blk_1073741849_1025.meta'
removed `/scratch/pchannal/12978717/hdfs_data/current/BP-1569988350-198.202.112.43-1512063092979/current/finalized/subdir0/subdir0/blk_1073741850_1026.meta'
removed `/scratch/pchannal/12978717/hdfs_data/current/BP-1569988350-198.202.112.43-1512063092979/current/finalized/subdir0/subdir0/blk_1073741863_1039.meta'
removed `/scratch/pchannal/12978717/hdfs_data/current/BP-1569988350-198.202.112.43-1512063092979/current/finalized/subdir0/subdir0/blk_1073741838_1014.meta'
removed directory: `/scratch/pchannal/12978717/hdfs_data/current/BP-1569988350-198.202.112.43-1512063092979/current/finalized/subdir0/subdir0'
removed directory: `/scratch/pchannal/12978717/hdfs_data/current/BP-1569988350-198.202.112.43-1512063092979/current/finalized/subdir0'
removed directory: `/scratch/pchannal/12978717/hdfs_data/current/BP-1569988350-198.202.112.43-1512063092979/current/finalized'
removed `/scratch/pchannal/12978717/hdfs_data/current/BP-1569988350-198.202.112.43-1512063092979/current/dfsUsed'
removed directory: `/scratch/pchannal/12978717/hdfs_data/current/BP-1569988350-198.202.112.43-1512063092979/current/rbw'
removed directory: `/scratch/pchannal/12978717/hdfs_data/current/BP-1569988350-198.202.112.43-1512063092979/current'
removed `/scratch/pchannal/12978717/hdfs_data/current/BP-1569988350-198.202.112.43-1512063092979/dncp_block_verification.log.prev'
removed directory: `/scratch/pchannal/12978717/hdfs_data/current/BP-1569988350-198.202.112.43-1512063092979/tmp'
removed directory: `/scratch/pchannal/12978717/hdfs_data/current/BP-1569988350-198.202.112.43-1512063092979'
removed `/scratch/pchannal/12978717/hdfs_data/current/VERSION'
removed directory: `/scratch/pchannal/12978717/hdfs_data/current'
removed directory: `/scratch/pchannal/12978717/hdfs_data'
removed directory: `/scratch/pchannal/12978717/pids'
removed `/scratch/pchannal/12978717/logs/hadoop-pchannal-datanode-comet-02-53.sdsc.edu.out'
removed `/scratch/pchannal/12978717/logs/yarn-pchannal-nodemanager-comet-02-53.sdsc.edu.out'
removed `/scratch/pchannal/12978717/logs/SecurityAuth-pchannal.audit'
removed `/scratch/pchannal/12978717/logs/hadoop-pchannal-datanode-comet-02-53.sdsc.edu.log'
removed `/scratch/pchannal/12978717/logs/yarn-pchannal-nodemanager-comet-02-53.sdsc.edu.log'
removed `/scratch/pchannal/12978717/logs/userlogs/application_1512063109974_0001/container_1512063109974_0001_01_000003/stderr'
removed `/scratch/pchannal/12978717/logs/userlogs/application_1512063109974_0001/container_1512063109974_0001_01_000003/stdout'
removed `/scratch/pchannal/12978717/logs/userlogs/application_1512063109974_0001/container_1512063109974_0001_01_000003/syslog'
removed directory: `/scratch/pchannal/12978717/logs/userlogs/application_1512063109974_0001/container_1512063109974_0001_01_000003'
removed `/scratch/pchannal/12978717/logs/userlogs/application_1512063109974_0001/container_1512063109974_0001_01_000004/syslog'
removed `/scratch/pchannal/12978717/logs/userlogs/application_1512063109974_0001/container_1512063109974_0001_01_000004/stdout'
removed `/scratch/pchannal/12978717/logs/userlogs/application_1512063109974_0001/container_1512063109974_0001_01_000004/stderr'
removed directory: `/scratch/pchannal/12978717/logs/userlogs/application_1512063109974_0001/container_1512063109974_0001_01_000004'
removed `/scratch/pchannal/12978717/logs/userlogs/application_1512063109974_0001/container_1512063109974_0001_01_000002/stderr'
removed `/scratch/pchannal/12978717/logs/userlogs/application_1512063109974_0001/container_1512063109974_0001_01_000002/syslog'
removed `/scratch/pchannal/12978717/logs/userlogs/application_1512063109974_0001/container_1512063109974_0001_01_000002/stdout'
removed directory: `/scratch/pchannal/12978717/logs/userlogs/application_1512063109974_0001/container_1512063109974_0001_01_000002'
removed directory: `/scratch/pchannal/12978717/logs/userlogs/application_1512063109974_0001'
removed `/scratch/pchannal/12978717/logs/userlogs/application_1512063109974_0002/container_1512063109974_0002_01_000001/syslog'
removed `/scratch/pchannal/12978717/logs/userlogs/application_1512063109974_0002/container_1512063109974_0002_01_000001/stdout'
removed `/scratch/pchannal/12978717/logs/userlogs/application_1512063109974_0002/container_1512063109974_0002_01_000001/stderr'
removed directory: `/scratch/pchannal/12978717/logs/userlogs/application_1512063109974_0002/container_1512063109974_0002_01_000001'
removed directory: `/scratch/pchannal/12978717/logs/userlogs/application_1512063109974_0002'
removed directory: `/scratch/pchannal/12978717/logs/userlogs'
removed directory: `/scratch/pchannal/12978717/logs'
removed `/scratch/pchannal/12978717/mapred_scratch/usercache/pchannal/filecache/13/.tmp_map.xml.crc'
removed `/scratch/pchannal/12978717/mapred_scratch/usercache/pchannal/filecache/13/map.xml'
removed directory: `/scratch/pchannal/12978717/mapred_scratch/usercache/pchannal/filecache/13'
removed `/scratch/pchannal/12978717/mapred_scratch/usercache/pchannal/filecache/10/reduce.xml'
removed `/scratch/pchannal/12978717/mapred_scratch/usercache/pchannal/filecache/10/.tmp_reduce.xml.crc'
removed directory: `/scratch/pchannal/12978717/mapred_scratch/usercache/pchannal/filecache/10'
removed `/scratch/pchannal/12978717/mapred_scratch/usercache/pchannal/filecache/12/.tmp_reduce.xml.crc'
removed `/scratch/pchannal/12978717/mapred_scratch/usercache/pchannal/filecache/12/reduce.xml'
removed directory: `/scratch/pchannal/12978717/mapred_scratch/usercache/pchannal/filecache/12'
removed `/scratch/pchannal/12978717/mapred_scratch/usercache/pchannal/filecache/11/map.xml'
removed `/scratch/pchannal/12978717/mapred_scratch/usercache/pchannal/filecache/11/.tmp_map.xml.crc'
removed directory: `/scratch/pchannal/12978717/mapred_scratch/usercache/pchannal/filecache/11'
removed directory: `/scratch/pchannal/12978717/mapred_scratch/usercache/pchannal/filecache'
removed directory: `/scratch/pchannal/12978717/mapred_scratch/usercache/pchannal/appcache'
removed directory: `/scratch/pchannal/12978717/mapred_scratch/usercache/pchannal'
removed directory: `/scratch/pchannal/12978717/mapred_scratch/usercache'
removed directory: `/scratch/pchannal/12978717/mapred_scratch/nmPrivate'
removed directory: `/scratch/pchannal/12978717/mapred_scratch/filecache'
removed directory: `/scratch/pchannal/12978717/mapred_scratch'
removed directory: `/scratch/pchannal/12978717/hdfs_data/current/BP-1569988350-198.202.112.43-1512063092979/current/rbw'
removed `/scratch/pchannal/12978717/hdfs_data/current/BP-1569988350-198.202.112.43-1512063092979/current/VERSION'
removed `/scratch/pchannal/12978717/hdfs_data/current/BP-1569988350-198.202.112.43-1512063092979/current/dfsUsed'
removed `/scratch/pchannal/12978717/hdfs_data/current/BP-1569988350-198.202.112.43-1512063092979/current/finalized/subdir0/subdir0/blk_1073741847'
removed `/scratch/pchannal/12978717/hdfs_data/current/BP-1569988350-198.202.112.43-1512063092979/current/finalized/subdir0/subdir0/blk_1073741861'
removed `/scratch/pchannal/12978717/hdfs_data/current/BP-1569988350-198.202.112.43-1512063092979/current/finalized/subdir0/subdir0/blk_1073741825_1001.meta'
removed `/scratch/pchannal/12978717/hdfs_data/current/BP-1569988350-198.202.112.43-1512063092979/current/finalized/subdir0/subdir0/blk_1073741861_1037.meta'
removed `/scratch/pchannal/12978717/hdfs_data/current/BP-1569988350-198.202.112.43-1512063092979/current/finalized/subdir0/subdir0/blk_1073741837'
removed `/scratch/pchannal/12978717/hdfs_data/current/BP-1569988350-198.202.112.43-1512063092979/current/finalized/subdir0/subdir0/blk_1073741837_1013.meta'
removed `/scratch/pchannal/12978717/hdfs_data/current/BP-1569988350-198.202.112.43-1512063092979/current/finalized/subdir0/subdir0/blk_1073741836_1012.meta'
removed `/scratch/pchannal/12978717/hdfs_data/current/BP-1569988350-198.202.112.43-1512063092979/current/finalized/subdir0/subdir0/blk_1073741847_1023.meta'
removed `/scratch/pchannal/12978717/hdfs_data/current/BP-1569988350-198.202.112.43-1512063092979/current/finalized/subdir0/subdir0/blk_1073741850'
removed `/scratch/pchannal/12978717/hdfs_data/current/BP-1569988350-198.202.112.43-1512063092979/current/finalized/subdir0/subdir0/blk_1073741862'
removed `/scratch/pchannal/12978717/hdfs_data/current/BP-1569988350-198.202.112.43-1512063092979/current/finalized/subdir0/subdir0/blk_1073741849'
removed `/scratch/pchannal/12978717/hdfs_data/current/BP-1569988350-198.202.112.43-1512063092979/current/finalized/subdir0/subdir0/blk_1073741836'
removed `/scratch/pchannal/12978717/hdfs_data/current/BP-1569988350-198.202.112.43-1512063092979/current/finalized/subdir0/subdir0/blk_1073741826_1002.meta'
removed `/scratch/pchannal/12978717/hdfs_data/current/BP-1569988350-198.202.112.43-1512063092979/current/finalized/subdir0/subdir0/blk_1073741825'
removed `/scratch/pchannal/12978717/hdfs_data/current/BP-1569988350-198.202.112.43-1512063092979/current/finalized/subdir0/subdir0/blk_1073741851_1027.meta'
removed `/scratch/pchannal/12978717/hdfs_data/current/BP-1569988350-198.202.112.43-1512063092979/current/finalized/subdir0/subdir0/blk_1073741862_1038.meta'
removed `/scratch/pchannal/12978717/hdfs_data/current/BP-1569988350-198.202.112.43-1512063092979/current/finalized/subdir0/subdir0/blk_1073741850_1026.meta'
removed `/scratch/pchannal/12978717/hdfs_data/current/BP-1569988350-198.202.112.43-1512063092979/current/finalized/subdir0/subdir0/blk_1073741863_1039.meta'
removed `/scratch/pchannal/12978717/hdfs_data/current/BP-1569988350-198.202.112.43-1512063092979/current/finalized/subdir0/subdir0/blk_1073741849_1025.meta'
removed `/scratch/pchannal/12978717/hdfs_data/current/BP-1569988350-198.202.112.43-1512063092979/current/finalized/subdir0/subdir0/blk_1073741826'
removed `/scratch/pchannal/12978717/hdfs_data/current/BP-1569988350-198.202.112.43-1512063092979/current/finalized/subdir0/subdir0/blk_1073741851'
removed `/scratch/pchannal/12978717/hdfs_data/current/BP-1569988350-198.202.112.43-1512063092979/current/finalized/subdir0/subdir0/blk_1073741863'
removed `/scratch/pchannal/12978717/hdfs_data/current/BP-1569988350-198.202.112.43-1512063092979/current/finalized/subdir0/subdir0/blk_1073741838_1014.meta'
removed `/scratch/pchannal/12978717/hdfs_data/current/BP-1569988350-198.202.112.43-1512063092979/current/finalized/subdir0/subdir0/blk_1073741838'
removed directory: `/scratch/pchannal/12978717/hdfs_data/current/BP-1569988350-198.202.112.43-1512063092979/current/finalized/subdir0/subdir0'
removed directory: `/scratch/pchannal/12978717/hdfs_data/current/BP-1569988350-198.202.112.43-1512063092979/current/finalized/subdir0'
removed directory: `/scratch/pchannal/12978717/hdfs_data/current/BP-1569988350-198.202.112.43-1512063092979/current/finalized'
removed directory: `/scratch/pchannal/12978717/hdfs_data/current/BP-1569988350-198.202.112.43-1512063092979/current'
removed `/scratch/pchannal/12978717/hdfs_data/current/BP-1569988350-198.202.112.43-1512063092979/dncp_block_verification.log.curr'
removed directory: `/scratch/pchannal/12978717/hdfs_data/current/BP-1569988350-198.202.112.43-1512063092979/tmp'
removed `/scratch/pchannal/12978717/hdfs_data/current/BP-1569988350-198.202.112.43-1512063092979/dncp_block_verification.log.prev'
removed directory: `/scratch/pchannal/12978717/hdfs_data/current/BP-1569988350-198.202.112.43-1512063092979'
removed `/scratch/pchannal/12978717/hdfs_data/current/VERSION'
removed directory: `/scratch/pchannal/12978717/hdfs_data/current'
removed directory: `/scratch/pchannal/12978717/hdfs_data'
removed directory: `/scratch/pchannal/12978717/pids'
removed `/scratch/pchannal/12978717/logs/hadoop-pchannal-datanode-comet-02-54.sdsc.edu.log'
removed `/scratch/pchannal/12978717/logs/yarn-pchannal-nodemanager-comet-02-54.sdsc.edu.out'
removed `/scratch/pchannal/12978717/logs/SecurityAuth-pchannal.audit'
removed `/scratch/pchannal/12978717/logs/userlogs/application_1512063109974_0002/container_1512063109974_0002_01_000003/stderr'
removed `/scratch/pchannal/12978717/logs/userlogs/application_1512063109974_0002/container_1512063109974_0002_01_000003/syslog'
removed `/scratch/pchannal/12978717/logs/userlogs/application_1512063109974_0002/container_1512063109974_0002_01_000003/stdout'
removed directory: `/scratch/pchannal/12978717/logs/userlogs/application_1512063109974_0002/container_1512063109974_0002_01_000003'
removed directory: `/scratch/pchannal/12978717/logs/userlogs/application_1512063109974_0002'
removed `/scratch/pchannal/12978717/logs/userlogs/application_1512063109974_0001/container_1512063109974_0001_01_000001/syslog'
removed `/scratch/pchannal/12978717/logs/userlogs/application_1512063109974_0001/container_1512063109974_0001_01_000001/stdout'
removed `/scratch/pchannal/12978717/logs/userlogs/application_1512063109974_0001/container_1512063109974_0001_01_000001/stderr'
removed directory: `/scratch/pchannal/12978717/logs/userlogs/application_1512063109974_0001/container_1512063109974_0001_01_000001'
removed directory: `/scratch/pchannal/12978717/logs/userlogs/application_1512063109974_0001'
removed directory: `/scratch/pchannal/12978717/logs/userlogs'
removed `/scratch/pchannal/12978717/logs/yarn-pchannal-nodemanager-comet-02-54.sdsc.edu.log'
removed `/scratch/pchannal/12978717/logs/hadoop-pchannal-datanode-comet-02-54.sdsc.edu.out'
removed directory: `/scratch/pchannal/12978717/logs'
removed directory: `/tmp/Jetty_comet.02.41_ibnet_50090_secondary____r30h66/.active'
removed directory: `/tmp/Jetty_comet.02.41_ibnet_50090_secondary____r30h66/jsp'
removed directory: `/tmp/Jetty_comet.02.41_ibnet_50090_secondary____r30h66'
removed directory: `/tmp/Jetty_0_0_0_0_50075_datanode____hwtdwq_4782535337301751204/.active'
removed directory: `/tmp/Jetty_0_0_0_0_50075_datanode____hwtdwq_4782535337301751204/jsp'
removed directory: `/tmp/Jetty_0_0_0_0_50075_datanode____hwtdwq_4782535337301751204'
removed directory: `/tmp/Jetty_0_0_0_0_50070_hdfs____w2cu08/.active'
removed directory: `/tmp/Jetty_0_0_0_0_50070_hdfs____w2cu08/jsp'
removed directory: `/tmp/Jetty_0_0_0_0_50070_hdfs____w2cu08'
